[1.138s] Invoking command in '/home/alok/AHSR/build/wheel_odom_cpp': CMAKE_PREFIX_PATH=${CMAKE_PREFIX_PATH}:/home/alok/AHSR/install/shopmate_bot_navigation:/home/alok/AHSR/install/shopmate_bot_description:/home/alok/AHSR/install/shopmate_bot_bringup:/opt/ros/jazzy DEBUGINFOD_URLS=https://debuginfod.ubuntu.com /usr/bin/cmake --build /home/alok/AHSR/build/wheel_odom_cpp -- -j16 -l16
[1.246s] [ 50%] [32mBuilding CXX object CMakeFiles/wheel_odom_node.dir/src/wheel_odom_cpp.cpp.o[0m
[8.873s] [100%] [32m[1mLinking CXX executable wheel_odom_node[0m
[9.169s] [100%] Built target wheel_odom_node
[9.184s] Invoked command in '/home/alok/AHSR/build/wheel_odom_cpp' returned '0': CMAKE_PREFIX_PATH=${CMAKE_PREFIX_PATH}:/home/alok/AHSR/install/shopmate_bot_navigation:/home/alok/AHSR/install/shopmate_bot_description:/home/alok/AHSR/install/shopmate_bot_bringup:/opt/ros/jazzy DEBUGINFOD_URLS=https://debuginfod.ubuntu.com /usr/bin/cmake --build /home/alok/AHSR/build/wheel_odom_cpp -- -j16 -l16
[9.186s] Invoking command in '/home/alok/AHSR/build/wheel_odom_cpp': CMAKE_PREFIX_PATH=${CMAKE_PREFIX_PATH}:/home/alok/AHSR/install/shopmate_bot_navigation:/home/alok/AHSR/install/shopmate_bot_description:/home/alok/AHSR/install/shopmate_bot_bringup:/opt/ros/jazzy DEBUGINFOD_URLS=https://debuginfod.ubuntu.com /usr/bin/cmake --install /home/alok/AHSR/build/wheel_odom_cpp
[9.196s] -- Install configuration: ""
[9.196s] -- Installing: /home/alok/AHSR/install/wheel_odom_cpp/lib/wheel_odom_cpp/wheel_odom_node
[9.200s] -- Set non-toolchain portion of runtime path of "/home/alok/AHSR/install/wheel_odom_cpp/lib/wheel_odom_cpp/wheel_odom_node" to ""
[9.200s] -- Up-to-date: /home/alok/AHSR/install/wheel_odom_cpp/share/ament_index/resource_index/package_run_dependencies/wheel_odom_cpp
[9.200s] -- Up-to-date: /home/alok/AHSR/install/wheel_odom_cpp/share/ament_index/resource_index/parent_prefix_path/wheel_odom_cpp
[9.200s] -- Up-to-date: /home/alok/AHSR/install/wheel_odom_cpp/share/wheel_odom_cpp/environment/ament_prefix_path.sh
[9.201s] -- Up-to-date: /home/alok/AHSR/install/wheel_odom_cpp/share/wheel_odom_cpp/environment/ament_prefix_path.dsv
[9.201s] -- Up-to-date: /home/alok/AHSR/install/wheel_odom_cpp/share/wheel_odom_cpp/environment/path.sh
[9.201s] -- Up-to-date: /home/alok/AHSR/install/wheel_odom_cpp/share/wheel_odom_cpp/environment/path.dsv
[9.201s] -- Up-to-date: /home/alok/AHSR/install/wheel_odom_cpp/share/wheel_odom_cpp/local_setup.bash
[9.201s] -- Up-to-date: /home/alok/AHSR/install/wheel_odom_cpp/share/wheel_odom_cpp/local_setup.sh
[9.201s] -- Up-to-date: /home/alok/AHSR/install/wheel_odom_cpp/share/wheel_odom_cpp/local_setup.zsh
[9.201s] -- Up-to-date: /home/alok/AHSR/install/wheel_odom_cpp/share/wheel_odom_cpp/local_setup.dsv
[9.201s] -- Installing: /home/alok/AHSR/install/wheel_odom_cpp/share/wheel_odom_cpp/package.dsv
[9.202s] -- Up-to-date: /home/alok/AHSR/install/wheel_odom_cpp/share/ament_index/resource_index/packages/wheel_odom_cpp
[9.202s] -- Up-to-date: /home/alok/AHSR/install/wheel_odom_cpp/share/wheel_odom_cpp/cmake/wheel_odom_cppConfig.cmake
[9.202s] -- Up-to-date: /home/alok/AHSR/install/wheel_odom_cpp/share/wheel_odom_cpp/cmake/wheel_odom_cppConfig-version.cmake
[9.202s] -- Up-to-date: /home/alok/AHSR/install/wheel_odom_cpp/share/wheel_odom_cpp/package.xml
[9.204s] Invoked command in '/home/alok/AHSR/build/wheel_odom_cpp' returned '0': CMAKE_PREFIX_PATH=${CMAKE_PREFIX_PATH}:/home/alok/AHSR/install/shopmate_bot_navigation:/home/alok/AHSR/install/shopmate_bot_description:/home/alok/AHSR/install/shopmate_bot_bringup:/opt/ros/jazzy DEBUGINFOD_URLS=https://debuginfod.ubuntu.com /usr/bin/cmake --install /home/alok/AHSR/build/wheel_odom_cpp
