[1.047s] Invoking command in '/home/alok/AHSR/shopmate_bot/shopmate_bot_navigation': DEBUGINFOD_URLS=https://debuginfod.ubuntu.com PYTHONPATH=/home/alok/AHSR/build/shopmate_bot_navigation/prefix_override:/usr/lib/python3/dist-packages/colcon_core/task/python/colcon_distutils_commands:/home/alok/AHSR/install/shopmate_bot_navigation/lib/python3.12/site-packages:${PYTHONPATH} /usr/bin/python3 -W ignore:setup.py install is deprecated -W ignore:easy_install command is deprecated setup.py egg_info --egg-base ../../build/shopmate_bot_navigation build --build-base /home/alok/AHSR/build/shopmate_bot_navigation/build install --record /home/alok/AHSR/build/shopmate_bot_navigation/install.log --single-version-externally-managed install_data
[1.492s] running egg_info
[1.492s] creating ../../build/shopmate_bot_navigation/shopmate_bot_navigation.egg-info
[1.530s] writing ../../build/shopmate_bot_navigation/shopmate_bot_navigation.egg-info/PKG-INFO
[1.534s] writing dependency_links to ../../build/shopmate_bot_navigation/shopmate_bot_navigation.egg-info/dependency_links.txt
[1.535s] writing requirements to ../../build/shopmate_bot_navigation/shopmate_bot_navigation.egg-info/requires.txt
[1.535s] writing top-level names to ../../build/shopmate_bot_navigation/shopmate_bot_navigation.egg-info/top_level.txt
[1.535s] writing manifest file '../../build/shopmate_bot_navigation/shopmate_bot_navigation.egg-info/SOURCES.txt'
[1.615s] reading manifest file '../../build/shopmate_bot_navigation/shopmate_bot_navigation.egg-info/SOURCES.txt'
[1.618s] writing manifest file '../../build/shopmate_bot_navigation/shopmate_bot_navigation.egg-info/SOURCES.txt'
[1.619s] running build
[1.620s] running build_py
[1.620s] creating /home/alok/AHSR/build/shopmate_bot_navigation/build
[1.622s] creating /home/alok/AHSR/build/shopmate_bot_navigation/build/lib
[1.622s] creating /home/alok/AHSR/build/shopmate_bot_navigation/build/lib/shopmate_bot_navigation
[1.623s] copying shopmate_bot_navigation/__init__.py -> /home/alok/AHSR/build/shopmate_bot_navigation/build/lib/shopmate_bot_navigation
[1.625s] running install
[1.638s] running install_lib
[1.680s] creating /home/alok/AHSR/install/shopmate_bot_navigation/lib/python3.12/site-packages/shopmate_bot_navigation
[1.680s] copying /home/alok/AHSR/build/shopmate_bot_navigation/build/lib/shopmate_bot_navigation/__init__.py -> /home/alok/AHSR/install/shopmate_bot_navigation/lib/python3.12/site-packages/shopmate_bot_navigation
[1.680s] byte-compiling /home/alok/AHSR/install/shopmate_bot_navigation/lib/python3.12/site-packages/shopmate_bot_navigation/__init__.py to __init__.cpython-312.pyc
[1.681s] running install_data
[1.681s] creating /home/alok/AHSR/install/shopmate_bot_navigation/share/ament_index
[1.682s] creating /home/alok/AHSR/install/shopmate_bot_navigation/share/ament_index/resource_index
[1.682s] creating /home/alok/AHSR/install/shopmate_bot_navigation/share/ament_index/resource_index/packages
[1.682s] copying resource/shopmate_bot_navigation -> /home/alok/AHSR/install/shopmate_bot_navigation/share/ament_index/resource_index/packages
[1.682s] copying package.xml -> /home/alok/AHSR/install/shopmate_bot_navigation/share/shopmate_bot_navigation
[1.682s] creating /home/alok/AHSR/install/shopmate_bot_navigation/share/shopmate_bot_navigation/launch
[1.682s] copying launch/navigation.launch.py -> /home/alok/AHSR/install/shopmate_bot_navigation/share/shopmate_bot_navigation/launch
[1.682s] copying launch/slam.launch.py -> /home/alok/AHSR/install/shopmate_bot_navigation/share/shopmate_bot_navigation/launch
[1.682s] creating /home/alok/AHSR/install/shopmate_bot_navigation/share/shopmate_bot_navigation/config
[1.682s] copying config/nav2_params.yaml -> /home/alok/AHSR/install/shopmate_bot_navigation/share/shopmate_bot_navigation/config
[1.683s] creating /home/alok/AHSR/install/shopmate_bot_navigation/share/shopmate_bot_navigation/maps
[1.683s] copying maps/hospital_map.yaml -> /home/alok/AHSR/install/shopmate_bot_navigation/share/shopmate_bot_navigation/maps
[1.683s] copying maps/hospital_map.pgm -> /home/alok/AHSR/install/shopmate_bot_navigation/share/shopmate_bot_navigation/maps
[1.683s] running install_egg_info
[1.721s] Copying ../../build/shopmate_bot_navigation/shopmate_bot_navigation.egg-info to /home/alok/AHSR/install/shopmate_bot_navigation/lib/python3.12/site-packages/shopmate_bot_navigation-0.0.0-py3.12.egg-info
[1.723s] running install_scripts
[2.035s] writing list of installed files to '/home/alok/AHSR/build/shopmate_bot_navigation/install.log'
[2.142s] Invoked command in '/home/alok/AHSR/shopmate_bot/shopmate_bot_navigation' returned '0': DEBUGINFOD_URLS=https://debuginfod.ubuntu.com PYTHONPATH=/home/alok/AHSR/build/shopmate_bot_navigation/prefix_override:/usr/lib/python3/dist-packages/colcon_core/task/python/colcon_distutils_commands:/home/alok/AHSR/install/shopmate_bot_navigation/lib/python3.12/site-packages:${PYTHONPATH} /usr/bin/python3 -W ignore:setup.py install is deprecated -W ignore:easy_install command is deprecated setup.py egg_info --egg-base ../../build/shopmate_bot_navigation build --build-base /home/alok/AHSR/build/shopmate_bot_navigation/build install --record /home/alok/AHSR/build/shopmate_bot_navigation/install.log --single-version-externally-managed install_data
