[0.518s] Invoking command in '/home/alok/AHSR/build/wheel_odom_cpp': CMAKE_PREFIX_PATH=${CMAKE_PREFIX_PATH}:/opt/ros/jazzy DEBUGINFOD_URLS=https://debuginfod.ubuntu.com /usr/bin/cmake /home/alok/AHSR/wheel_odom_cpp -DCMAKE_INSTALL_PREFIX=/home/alok/AHSR/install/wheel_odom_cpp
[0.564s] -- The C compiler identification is GNU 13.3.0
[0.612s] -- The CXX compiler identification is GNU 13.3.0
[0.626s] -- Detecting C compiler ABI info
[0.705s] -- Detecting C compiler ABI info - done
[0.713s] -- Check for working C compiler: /usr/bin/cc - skipped
[0.713s] -- Detecting C compile features
[0.713s] -- Detecting C compile features - done
[0.722s] -- Detecting CXX compiler ABI info
[0.813s] -- Detecting CXX compiler ABI info - done
[0.821s] -- Check for working CXX compiler: /usr/bin/c++ - skipped
[0.821s] -- Detecting CXX compile features
[0.822s] -- Detecting CXX compile features - done
[0.824s] -- Found ament_cmake: 2.5.5 (/opt/ros/jazzy/share/ament_cmake/cmake)
[0.948s] -- Found Python3: /usr/bin/python3 (found version "3.12.3") found components: Interpreter 
[1.041s] -- Found rclcpp: 28.1.16 (/opt/ros/jazzy/share/rclcpp/cmake)
[1.096s] -- Found rosidl_generator_c: 4.6.7 (/opt/ros/jazzy/share/rosidl_generator_c/cmake)
[1.115s] -- Found rosidl_generator_cpp: 4.6.7 (/opt/ros/jazzy/share/rosidl_generator_cpp/cmake)
[1.137s] -- Using all available rosidl_typesupport_c: rosidl_typesupport_fastrtps_c;rosidl_typesupport_introspection_c
[1.166s] -- Using all available rosidl_typesupport_cpp: rosidl_typesupport_fastrtps_cpp;rosidl_typesupport_introspection_cpp
[1.292s] -- Found rmw_implementation_cmake: 7.3.3 (/opt/ros/jazzy/share/rmw_implementation_cmake/cmake)
[1.297s] -- Found rmw_fastrtps_cpp: 8.4.3 (/opt/ros/jazzy/share/rmw_fastrtps_cpp/cmake)
[1.505s] -- Found OpenSSL: /usr/lib/x86_64-linux-gnu/libcrypto.so (found version "3.0.13")  
[1.573s] -- Found FastRTPS: /opt/ros/jazzy/include (Required is at least version "2.13") 
[1.656s] -- Using RMW implementation 'rmw_fastrtps_cpp' as default
[1.859s] -- Found nav_msgs: 5.3.6 (/opt/ros/jazzy/share/nav_msgs/cmake)
[2.061s] -- Found tf2_ros: 0.36.19 (/opt/ros/jazzy/share/tf2_ros/cmake)
[2.308s] -- Found ament_lint_auto: 0.17.4 (/opt/ros/jazzy/share/ament_lint_auto/cmake)
[2.479s] -- Added test 'cppcheck' to perform static code analysis on C / C++ code
[2.479s] -- Configured cppcheck include dirs: 
[2.479s] -- Configured cppcheck exclude dirs and/or files: 
[2.479s] -- Added test 'lint_cmake' to check CMake code style
[2.481s] -- Added test 'uncrustify' to check C / C++ code style
[2.481s] -- Configured uncrustify additional arguments: 
[2.481s] -- Added test 'xmllint' to check XML markup files
[2.484s] -- Configuring done (2.0s)
[2.509s] -- Generating done (0.0s)
[2.519s] -- Build files have been written to: /home/alok/AHSR/build/wheel_odom_cpp
[2.587s] Invoked command in '/home/alok/AHSR/build/wheel_odom_cpp' returned '0': CMAKE_PREFIX_PATH=${CMAKE_PREFIX_PATH}:/opt/ros/jazzy DEBUGINFOD_URLS=https://debuginfod.ubuntu.com /usr/bin/cmake /home/alok/AHSR/wheel_odom_cpp -DCMAKE_INSTALL_PREFIX=/home/alok/AHSR/install/wheel_odom_cpp
[2.587s] Invoking command in '/home/alok/AHSR/build/wheel_odom_cpp': CMAKE_PREFIX_PATH=${CMAKE_PREFIX_PATH}:/opt/ros/jazzy DEBUGINFOD_URLS=https://debuginfod.ubuntu.com /usr/bin/cmake --build /home/alok/AHSR/build/wheel_odom_cpp -- -j16 -l16
[2.739s] [ 50%] [32mBuilding CXX object CMakeFiles/wheel_odom_node.dir/src/wheel_odom_cpp.cpp.o[0m
[7.530s] [100%] [32m[1mLinking CXX executable wheel_odom_node[0m
[7.713s] [100%] Built target wheel_odom_node
[7.723s] Invoked command in '/home/alok/AHSR/build/wheel_odom_cpp' returned '0': CMAKE_PREFIX_PATH=${CMAKE_PREFIX_PATH}:/opt/ros/jazzy DEBUGINFOD_URLS=https://debuginfod.ubuntu.com /usr/bin/cmake --build /home/alok/AHSR/build/wheel_odom_cpp -- -j16 -l16
[7.732s] Invoking command in '/home/alok/AHSR/build/wheel_odom_cpp': CMAKE_PREFIX_PATH=${CMAKE_PREFIX_PATH}:/opt/ros/jazzy DEBUGINFOD_URLS=https://debuginfod.ubuntu.com /usr/bin/cmake --install /home/alok/AHSR/build/wheel_odom_cpp
[7.739s] -- Install configuration: ""
[7.740s] -- Installing: /home/alok/AHSR/install/wheel_odom_cpp/lib/wheel_odom_cpp/wheel_odom_node
[7.741s] -- Set non-toolchain portion of runtime path of "/home/alok/AHSR/install/wheel_odom_cpp/lib/wheel_odom_cpp/wheel_odom_node" to ""
[7.741s] -- Installing: /home/alok/AHSR/install/wheel_odom_cpp/share/ament_index/resource_index/package_run_dependencies/wheel_odom_cpp
[7.741s] -- Installing: /home/alok/AHSR/install/wheel_odom_cpp/share/ament_index/resource_index/parent_prefix_path/wheel_odom_cpp
[7.742s] -- Installing: /home/alok/AHSR/install/wheel_odom_cpp/share/wheel_odom_cpp/environment/ament_prefix_path.sh
[7.742s] -- Installing: /home/alok/AHSR/install/wheel_odom_cpp/share/wheel_odom_cpp/environment/ament_prefix_path.dsv
[7.742s] -- Installing: /home/alok/AHSR/install/wheel_odom_cpp/share/wheel_odom_cpp/environment/path.sh
[7.742s] -- Installing: /home/alok/AHSR/install/wheel_odom_cpp/share/wheel_odom_cpp/environment/path.dsv
[7.742s] -- Installing: /home/alok/AHSR/install/wheel_odom_cpp/share/wheel_odom_cpp/local_setup.bash
[7.742s] -- Installing: /home/alok/AHSR/install/wheel_odom_cpp/share/wheel_odom_cpp/local_setup.sh
[7.742s] -- Installing: /home/alok/AHSR/install/wheel_odom_cpp/share/wheel_odom_cpp/local_setup.zsh
[7.743s] -- Installing: /home/alok/AHSR/install/wheel_odom_cpp/share/wheel_odom_cpp/local_setup.dsv
[7.743s] -- Installing: /home/alok/AHSR/install/wheel_odom_cpp/share/wheel_odom_cpp/package.dsv
[7.743s] -- Installing: /home/alok/AHSR/install/wheel_odom_cpp/share/ament_index/resource_index/packages/wheel_odom_cpp
[7.743s] -- Installing: /home/alok/AHSR/install/wheel_odom_cpp/share/wheel_odom_cpp/cmake/wheel_odom_cppConfig.cmake
[7.743s] -- Installing: /home/alok/AHSR/install/wheel_odom_cpp/share/wheel_odom_cpp/cmake/wheel_odom_cppConfig-version.cmake
[7.743s] -- Installing: /home/alok/AHSR/install/wheel_odom_cpp/share/wheel_odom_cpp/package.xml
[7.745s] Invoked command in '/home/alok/AHSR/build/wheel_odom_cpp' returned '0': CMAKE_PREFIX_PATH=${CMAKE_PREFIX_PATH}:/opt/ros/jazzy DEBUGINFOD_URLS=https://debuginfod.ubuntu.com /usr/bin/cmake --install /home/alok/AHSR/build/wheel_odom_cpp
