running egg_info
creating ../build/shopmate_bot_bringup/shopmate_bot_bringup.egg-info
writing ../build/shopmate_bot_bringup/shopmate_bot_bringup.egg-info/PKG-INFO
writing dependency_links to ../build/shopmate_bot_bringup/shopmate_bot_bringup.egg-info/dependency_links.txt
writing requirements to ../build/shopmate_bot_bringup/shopmate_bot_bringup.egg-info/requires.txt
writing top-level names to ../build/shopmate_bot_bringup/shopmate_bot_bringup.egg-info/top_level.txt
writing manifest file '../build/shopmate_bot_bringup/shopmate_bot_bringup.egg-info/SOURCES.txt'
reading manifest file '../build/shopmate_bot_bringup/shopmate_bot_bringup.egg-info/SOURCES.txt'
writing manifest file '../build/shopmate_bot_bringup/shopmate_bot_bringup.egg-info/SOURCES.txt'
running build
running build_py
creating /home/alok/AHSR/build/shopmate_bot_bringup/build
creating /home/alok/AHSR/build/shopmate_bot_bringup/build/lib
creating /home/alok/AHSR/build/shopmate_bot_bringup/build/lib/shopmate_bot_bringup
copying shopmate_bot_bringup/__init__.py -> /home/alok/AHSR/build/shopmate_bot_bringup/build/lib/shopmate_bot_bringup
running install
running install_lib
creating /home/alok/AHSR/install/shopmate_bot_bringup/lib/python3.12/site-packages/shopmate_bot_bringup
copying /home/alok/AHSR/build/shopmate_bot_bringup/build/lib/shopmate_bot_bringup/__init__.py -> /home/alok/AHSR/install/shopmate_bot_bringup/lib/python3.12/site-packages/shopmate_bot_bringup
byte-compiling /home/alok/AHSR/install/shopmate_bot_bringup/lib/python3.12/site-packages/shopmate_bot_bringup/__init__.py to __init__.cpython-312.pyc
running install_data
creating /home/alok/AHSR/install/shopmate_bot_bringup/share/ament_index
creating /home/alok/AHSR/install/shopmate_bot_bringup/share/ament_index/resource_index
creating /home/alok/AHSR/install/shopmate_bot_bringup/share/ament_index/resource_index/packages
copying resource/shopmate_bot_bringup -> /home/alok/AHSR/install/shopmate_bot_bringup/share/ament_index/resource_index/packages
copying package.xml -> /home/alok/AHSR/install/shopmate_bot_bringup/share/shopmate_bot_bringup
creating /home/alok/AHSR/install/shopmate_bot_bringup/share/shopmate_bot_bringup/launch
copying launch/real_robot.launch.py -> /home/alok/AHSR/install/shopmate_bot_bringup/share/shopmate_bot_bringup/launch
creating /home/alok/AHSR/install/shopmate_bot_bringup/share/shopmate_bot_bringup/config
running install_egg_info
Copying ../build/shopmate_bot_bringup/shopmate_bot_bringup.egg-info to /home/alok/AHSR/install/shopmate_bot_bringup/lib/python3.12/site-packages/shopmate_bot_bringup-0.0.0-py3.12.egg-info
running install_scripts
writing list of installed files to '/home/alok/AHSR/build/shopmate_bot_bringup/install.log'
