[1.077s] Invoking command in '/home/alok/AHSR/shopmate_bot_bringup': DEBUGINFOD_URLS=https://debuginfod.ubuntu.com PYTHONPATH=/home/alok/AHSR/build/shopmate_bot_bringup/prefix_override:/usr/lib/python3/dist-packages/colcon_core/task/python/colcon_distutils_commands:/home/alok/AHSR/install/shopmate_bot_bringup/lib/python3.12/site-packages:${PYTHONPATH} /usr/bin/python3 -W ignore:setup.py install is deprecated -W ignore:easy_install command is deprecated setup.py egg_info --egg-base ../build/shopmate_bot_bringup build --build-base /home/alok/AHSR/build/shopmate_bot_bringup/build install --record /home/alok/AHSR/build/shopmate_bot_bringup/install.log --single-version-externally-managed install_data
[1.549s] running egg_info
[1.549s] creating ../build/shopmate_bot_bringup/shopmate_bot_bringup.egg-info
[1.587s] writing ../build/shopmate_bot_bringup/shopmate_bot_bringup.egg-info/PKG-INFO
[1.587s] writing dependency_links to ../build/shopmate_bot_bringup/shopmate_bot_bringup.egg-info/dependency_links.txt
[1.588s] writing requirements to ../build/shopmate_bot_bringup/shopmate_bot_bringup.egg-info/requires.txt
[1.588s] writing top-level names to ../build/shopmate_bot_bringup/shopmate_bot_bringup.egg-info/top_level.txt
[1.590s] writing manifest file '../build/shopmate_bot_bringup/shopmate_bot_bringup.egg-info/SOURCES.txt'
[1.762s] reading manifest file '../build/shopmate_bot_bringup/shopmate_bot_bringup.egg-info/SOURCES.txt'
[1.765s] writing manifest file '../build/shopmate_bot_bringup/shopmate_bot_bringup.egg-info/SOURCES.txt'
[1.768s] running build
[1.769s] running build_py
[1.769s] creating /home/alok/AHSR/build/shopmate_bot_bringup/build
[1.769s] creating /home/alok/AHSR/build/shopmate_bot_bringup/build/lib
[1.769s] creating /home/alok/AHSR/build/shopmate_bot_bringup/build/lib/shopmate_bot_bringup
[1.769s] copying shopmate_bot_bringup/__init__.py -> /home/alok/AHSR/build/shopmate_bot_bringup/build/lib/shopmate_bot_bringup
[1.769s] running install
[1.793s] running install_lib
[1.875s] creating /home/alok/AHSR/install/shopmate_bot_bringup/lib/python3.12/site-packages/shopmate_bot_bringup
[1.875s] copying /home/alok/AHSR/build/shopmate_bot_bringup/build/lib/shopmate_bot_bringup/__init__.py -> /home/alok/AHSR/install/shopmate_bot_bringup/lib/python3.12/site-packages/shopmate_bot_bringup
[1.876s] byte-compiling /home/alok/AHSR/install/shopmate_bot_bringup/lib/python3.12/site-packages/shopmate_bot_bringup/__init__.py to __init__.cpython-312.pyc
[1.876s] running install_data
[1.878s] creating /home/alok/AHSR/install/shopmate_bot_bringup/share/ament_index
[1.878s] creating /home/alok/AHSR/install/shopmate_bot_bringup/share/ament_index/resource_index
[1.878s] creating /home/alok/AHSR/install/shopmate_bot_bringup/share/ament_index/resource_index/packages
[1.878s] copying resource/shopmate_bot_bringup -> /home/alok/AHSR/install/shopmate_bot_bringup/share/ament_index/resource_index/packages
[1.878s] copying package.xml -> /home/alok/AHSR/install/shopmate_bot_bringup/share/shopmate_bot_bringup
[1.879s] creating /home/alok/AHSR/install/shopmate_bot_bringup/share/shopmate_bot_bringup/launch
[1.880s] copying launch/real_robot.launch.py -> /home/alok/AHSR/install/shopmate_bot_bringup/share/shopmate_bot_bringup/launch
[1.880s] creating /home/alok/AHSR/install/shopmate_bot_bringup/share/shopmate_bot_bringup/config
[1.881s] running install_egg_info
[1.935s] Copying ../build/shopmate_bot_bringup/shopmate_bot_bringup.egg-info to /home/alok/AHSR/install/shopmate_bot_bringup/lib/python3.12/site-packages/shopmate_bot_bringup-0.0.0-py3.12.egg-info
[1.937s] running install_scripts
[2.191s] writing list of installed files to '/home/alok/AHSR/build/shopmate_bot_bringup/install.log'
[2.284s] Invoked command in '/home/alok/AHSR/shopmate_bot_bringup' returned '0': DEBUGINFOD_URLS=https://debuginfod.ubuntu.com PYTHONPATH=/home/alok/AHSR/build/shopmate_bot_bringup/prefix_override:/usr/lib/python3/dist-packages/colcon_core/task/python/colcon_distutils_commands:/home/alok/AHSR/install/shopmate_bot_bringup/lib/python3.12/site-packages:${PYTHONPATH} /usr/bin/python3 -W ignore:setup.py install is deprecated -W ignore:easy_install command is deprecated setup.py egg_info --egg-base ../build/shopmate_bot_bringup build --build-base /home/alok/AHSR/build/shopmate_bot_bringup/build install --record /home/alok/AHSR/build/shopmate_bot_bringup/install.log --single-version-externally-managed install_data
