[0.051s] Invoking command in '/home/alok/AHSR/build/rplidar_ros': CMAKE_PREFIX_PATH=${CMAKE_PREFIX_PATH}:/home/alok/AHSR/install/shopmate_bot_navigation:/home/alok/AHSR/install/shopmate_bot_description:/home/alok/AHSR/install/shopmate_bot_bringup:/opt/ros/jazzy DEBUGINFOD_URLS=https://debuginfod.ubuntu.com /usr/bin/cmake --build /home/alok/AHSR/build/rplidar_ros -- -j16 -l16
[1.167s] [  5%] Built target rplidar_client
[1.167s] [ 97%] Built target rplidar_composition
[1.168s] [100%] Built target rplidar_node
[1.173s] Invoked command in '/home/alok/AHSR/build/rplidar_ros' returned '0': CMAKE_PREFIX_PATH=${CMAKE_PREFIX_PATH}:/home/alok/AHSR/install/shopmate_bot_navigation:/home/alok/AHSR/install/shopmate_bot_description:/home/alok/AHSR/install/shopmate_bot_bringup:/opt/ros/jazzy DEBUGINFOD_URLS=https://debuginfod.ubuntu.com /usr/bin/cmake --build /home/alok/AHSR/build/rplidar_ros -- -j16 -l16
[1.189s] Invoking command in '/home/alok/AHSR/build/rplidar_ros': CMAKE_PREFIX_PATH=${CMAKE_PREFIX_PATH}:/home/alok/AHSR/install/shopmate_bot_navigation:/home/alok/AHSR/install/shopmate_bot_description:/home/alok/AHSR/install/shopmate_bot_bringup:/opt/ros/jazzy DEBUGINFOD_URLS=https://debuginfod.ubuntu.com /usr/bin/cmake --install /home/alok/AHSR/build/rplidar_ros
[1.205s] -- Install configuration: ""
[1.205s] -- Up-to-date: /home/alok/AHSR/install/rplidar_ros/share/rplidar_ros/launch
[1.205s] -- Up-to-date: /home/alok/AHSR/install/rplidar_ros/share/rplidar_ros/launch/view_rplidar_a2m7_launch.py
[1.205s] -- Up-to-date: /home/alok/AHSR/install/rplidar_ros/share/rplidar_ros/launch/view_rplidar_c1_launch.py
[1.205s] -- Up-to-date: /home/alok/AHSR/install/rplidar_ros/share/rplidar_ros/launch/view_rplidar_s2_launch.py
[1.205s] -- Up-to-date: /home/alok/AHSR/install/rplidar_ros/share/rplidar_ros/launch/rplidar_t1_launch.py
[1.206s] -- Up-to-date: /home/alok/AHSR/install/rplidar_ros/share/rplidar_ros/launch/view_rplidar_a1_launch.py
[1.206s] -- Up-to-date: /home/alok/AHSR/install/rplidar_ros/share/rplidar_ros/launch/view_rplidar_a2m8_launch.py
[1.206s] -- Up-to-date: /home/alok/AHSR/install/rplidar_ros/share/rplidar_ros/launch/view_rplidar_t1_launch.py
[1.206s] -- Up-to-date: /home/alok/AHSR/install/rplidar_ros/share/rplidar_ros/launch/rplidar_a1_launch.py
[1.207s] -- Up-to-date: /home/alok/AHSR/install/rplidar_ros/share/rplidar_ros/launch/view_rplidar_s3_launch.py
[1.207s] -- Up-to-date: /home/alok/AHSR/install/rplidar_ros/share/rplidar_ros/launch/rplidar_a2m8_launch.py
[1.207s] -- Up-to-date: /home/alok/AHSR/install/rplidar_ros/share/rplidar_ros/launch/rplidar_s1_launch.py
[1.207s] -- Up-to-date: /home/alok/AHSR/install/rplidar_ros/share/rplidar_ros/launch/rplidar_a3_launch.py
[1.207s] -- Up-to-date: /home/alok/AHSR/install/rplidar_ros/share/rplidar_ros/launch/view_rplidar_s1_launch.py
[1.207s] -- Up-to-date: /home/alok/AHSR/install/rplidar_ros/share/rplidar_ros/launch/rplidar_s3_launch.py
[1.207s] -- Up-to-date: /home/alok/AHSR/install/rplidar_ros/share/rplidar_ros/launch/rplidar_a2m7_launch.py
[1.207s] -- Up-to-date: /home/alok/AHSR/install/rplidar_ros/share/rplidar_ros/launch/view_rplidar_a2m12_launch.py
[1.208s] -- Up-to-date: /home/alok/AHSR/install/rplidar_ros/share/rplidar_ros/launch/rplidar_s1_tcp_launch.py
[1.208s] -- Up-to-date: /home/alok/AHSR/install/rplidar_ros/share/rplidar_ros/launch/view_rplidar_s1_tcp_launch.py
[1.208s] -- Up-to-date: /home/alok/AHSR/install/rplidar_ros/share/rplidar_ros/launch/rplidar_c1_launch.py
[1.208s] -- Up-to-date: /home/alok/AHSR/install/rplidar_ros/share/rplidar_ros/launch/view_rplidar_a3_launch.py
[1.208s] -- Up-to-date: /home/alok/AHSR/install/rplidar_ros/share/rplidar_ros/launch/rplidar_a2m12_launch.py
[1.208s] -- Up-to-date: /home/alok/AHSR/install/rplidar_ros/share/rplidar_ros/launch/rplidar_s2e_launch.py
[1.208s] -- Up-to-date: /home/alok/AHSR/install/rplidar_ros/share/rplidar_ros/launch/view_rplidar_s2e_launch.py
[1.208s] -- Up-to-date: /home/alok/AHSR/install/rplidar_ros/share/rplidar_ros/launch/rplidar_s2_launch.py
[1.209s] -- Up-to-date: /home/alok/AHSR/install/rplidar_ros/share/rplidar_ros/rviz
[1.209s] -- Up-to-date: /home/alok/AHSR/install/rplidar_ros/share/rplidar_ros/rviz/rplidar_ros.rviz
[1.209s] -- Up-to-date: /home/alok/AHSR/install/rplidar_ros/lib/rplidar_ros/rplidar_node
[1.209s] -- Up-to-date: /home/alok/AHSR/install/rplidar_ros/lib/rplidar_ros/rplidar_composition
[1.209s] -- Up-to-date: /home/alok/AHSR/install/rplidar_ros/lib/rplidar_ros/rplidar_client
[1.209s] -- Up-to-date: /home/alok/AHSR/install/rplidar_ros/share/ament_index/resource_index/package_run_dependencies/rplidar_ros
[1.209s] -- Up-to-date: /home/alok/AHSR/install/rplidar_ros/share/ament_index/resource_index/parent_prefix_path/rplidar_ros
[1.209s] -- Up-to-date: /home/alok/AHSR/install/rplidar_ros/share/rplidar_ros/environment/ament_prefix_path.sh
[1.209s] -- Up-to-date: /home/alok/AHSR/install/rplidar_ros/share/rplidar_ros/environment/ament_prefix_path.dsv
[1.210s] -- Up-to-date: /home/alok/AHSR/install/rplidar_ros/share/rplidar_ros/environment/path.sh
[1.210s] -- Up-to-date: /home/alok/AHSR/install/rplidar_ros/share/rplidar_ros/environment/path.dsv
[1.210s] -- Up-to-date: /home/alok/AHSR/install/rplidar_ros/share/rplidar_ros/local_setup.bash
[1.210s] -- Up-to-date: /home/alok/AHSR/install/rplidar_ros/share/rplidar_ros/local_setup.sh
[1.210s] -- Up-to-date: /home/alok/AHSR/install/rplidar_ros/share/rplidar_ros/local_setup.zsh
[1.210s] -- Up-to-date: /home/alok/AHSR/install/rplidar_ros/share/rplidar_ros/local_setup.dsv
[1.210s] -- Installing: /home/alok/AHSR/install/rplidar_ros/share/rplidar_ros/package.dsv
[1.210s] -- Up-to-date: /home/alok/AHSR/install/rplidar_ros/share/ament_index/resource_index/packages/rplidar_ros
[1.210s] -- Up-to-date: /home/alok/AHSR/install/rplidar_ros/share/rplidar_ros/cmake/ament_cmake_export_dependencies-extras.cmake
[1.210s] -- Up-to-date: /home/alok/AHSR/install/rplidar_ros/share/rplidar_ros/cmake/ament_cmake_export_include_directories-extras.cmake
[1.211s] -- Up-to-date: /home/alok/AHSR/install/rplidar_ros/share/rplidar_ros/cmake/rplidar_rosConfig.cmake
[1.211s] -- Up-to-date: /home/alok/AHSR/install/rplidar_ros/share/rplidar_ros/cmake/rplidar_rosConfig-version.cmake
[1.211s] -- Up-to-date: /home/alok/AHSR/install/rplidar_ros/share/rplidar_ros/package.xml
[1.213s] Invoked command in '/home/alok/AHSR/build/rplidar_ros' returned '0': CMAKE_PREFIX_PATH=${CMAKE_PREFIX_PATH}:/home/alok/AHSR/install/shopmate_bot_navigation:/home/alok/AHSR/install/shopmate_bot_description:/home/alok/AHSR/install/shopmate_bot_bringup:/opt/ros/jazzy DEBUGINFOD_URLS=https://debuginfod.ubuntu.com /usr/bin/cmake --install /home/alok/AHSR/build/rplidar_ros
