[0.169s] DEBUG:colcon:Command line arguments: ['/usr/bin/colcon', 'build']
[0.169s] DEBUG:colcon:Parsed command line arguments: Namespace(log_base=None, log_level=None, verb_name='build', build_base='build', install_base='install', merge_install=False, symlink_install=False, test_result_base=None, continue_on_error=False, executor='parallel', parallel_workers=16, event_handlers=None, ignore_user_meta=False, metas=['./colcon.meta'], base_paths=['.'], packages_ignore=None, packages_ignore_regex=None, paths=None, packages_up_to=None, packages_up_to_regex=None, packages_above=None, packages_above_and_dependencies=None, packages_above_depth=None, packages_select_by_dep=None, packages_skip_by_dep=None, packages_skip_up_to=None, packages_select_build_failed=False, packages_skip_build_finished=False, packages_select_test_failures=False, packages_skip_test_passed=False, packages_select=None, packages_skip=None, packages_select_regex=None, packages_skip_regex=None, packages_start=None, packages_end=None, allow_overriding=[], cmake_args=None, cmake_target=None, cmake_target_skip_unavailable=False, cmake_clean_cache=False, cmake_clean_first=False, cmake_force_configure=False, ament_cmake_args=None, catkin_cmake_args=None, catkin_skip_building_tests=False, mixin_files=None, mixin=None, verb_parser=<colcon_mixin.mixin.mixin_argument.MixinArgumentDecorator object at 0x70b90599d5b0>, verb_extension=<colcon_core.verb.build.BuildVerb object at 0x70b90592e930>, main=<bound method BuildVerb.main of <colcon_core.verb.build.BuildVerb object at 0x70b90592e930>>, mixin_verb=('build',))
[0.231s] Level 1:colcon.colcon_core.package_discovery:discover_packages(colcon_meta) check parameters
[0.231s] Level 1:colcon.colcon_core.package_discovery:discover_packages(recursive) check parameters
[0.231s] Level 1:colcon.colcon_core.package_discovery:discover_packages(ignore) check parameters
[0.231s] Level 1:colcon.colcon_core.package_discovery:discover_packages(path) check parameters
[0.231s] Level 1:colcon.colcon_core.package_discovery:discover_packages(colcon_meta) discover
[0.231s] Level 1:colcon.colcon_core.package_discovery:discover_packages(recursive) discover
[0.231s] INFO:colcon.colcon_core.package_discovery:Crawling recursively for packages in '/home/alok/AHSR'
[0.232s] Level 1:colcon.colcon_core.package_identification:_identify(.) by extensions ['ignore', 'ignore_ament_install']
[0.232s] Level 1:colcon.colcon_core.package_identification:_identify(.) by extension 'ignore'
[0.232s] Level 1:colcon.colcon_core.package_identification:_identify(.) by extension 'ignore_ament_install'
[0.232s] Level 1:colcon.colcon_core.package_identification:_identify(.) by extensions ['colcon_pkg']
[0.232s] Level 1:colcon.colcon_core.package_identification:_identify(.) by extension 'colcon_pkg'
[0.232s] Level 1:colcon.colcon_core.package_identification:_identify(.) by extensions ['colcon_meta']
[0.232s] Level 1:colcon.colcon_core.package_identification:_identify(.) by extension 'colcon_meta'
[0.232s] Level 1:colcon.colcon_core.package_identification:_identify(.) by extensions ['ros']
[0.232s] Level 1:colcon.colcon_core.package_identification:_identify(.) by extension 'ros'
[0.271s] Level 1:colcon.colcon_core.package_identification:_identify(.) by extensions ['cmake', 'python']
[0.271s] Level 1:colcon.colcon_core.package_identification:_identify(.) by extension 'cmake'
[0.271s] Level 1:colcon.colcon_core.package_identification:_identify(.) by extension 'python'
[0.271s] Level 1:colcon.colcon_core.package_identification:_identify(.) by extensions ['python_setup_py']
[0.271s] Level 1:colcon.colcon_core.package_identification:_identify(.) by extension 'python_setup_py'
[0.272s] Level 1:colcon.colcon_core.package_identification:_identify(Electronic_firmware) by extensions ['ignore', 'ignore_ament_install']
[0.272s] Level 1:colcon.colcon_core.package_identification:_identify(Electronic_firmware) by extension 'ignore'
[0.272s] Level 1:colcon.colcon_core.package_identification:_identify(Electronic_firmware) by extension 'ignore_ament_install'
[0.272s] Level 1:colcon.colcon_core.package_identification:_identify(Electronic_firmware) by extensions ['colcon_pkg']
[0.272s] Level 1:colcon.colcon_core.package_identification:_identify(Electronic_firmware) by extension 'colcon_pkg'
[0.272s] Level 1:colcon.colcon_core.package_identification:_identify(Electronic_firmware) by extensions ['colcon_meta']
[0.272s] Level 1:colcon.colcon_core.package_identification:_identify(Electronic_firmware) by extension 'colcon_meta'
[0.272s] Level 1:colcon.colcon_core.package_identification:_identify(Electronic_firmware) by extensions ['ros']
[0.272s] Level 1:colcon.colcon_core.package_identification:_identify(Electronic_firmware) by extension 'ros'
[0.272s] Level 1:colcon.colcon_core.package_identification:_identify(Electronic_firmware) by extensions ['cmake', 'python']
[0.272s] Level 1:colcon.colcon_core.package_identification:_identify(Electronic_firmware) by extension 'cmake'
[0.272s] Level 1:colcon.colcon_core.package_identification:_identify(Electronic_firmware) by extension 'python'
[0.273s] Level 1:colcon.colcon_core.package_identification:_identify(Electronic_firmware) by extensions ['python_setup_py']
[0.273s] Level 1:colcon.colcon_core.package_identification:_identify(Electronic_firmware) by extension 'python_setup_py'
[0.273s] Level 1:colcon.colcon_core.package_identification:_identify(build) by extensions ['ignore', 'ignore_ament_install']
[0.273s] Level 1:colcon.colcon_core.package_identification:_identify(build) by extension 'ignore'
[0.273s] Level 1:colcon.colcon_core.package_identification:_identify(build) ignored
[0.273s] Level 1:colcon.colcon_core.package_identification:_identify(install) by extensions ['ignore', 'ignore_ament_install']
[0.273s] Level 1:colcon.colcon_core.package_identification:_identify(install) by extension 'ignore'
[0.273s] Level 1:colcon.colcon_core.package_identification:_identify(install) ignored
[0.273s] Level 1:colcon.colcon_core.package_identification:_identify(log) by extensions ['ignore', 'ignore_ament_install']
[0.274s] Level 1:colcon.colcon_core.package_identification:_identify(log) by extension 'ignore'
[0.274s] Level 1:colcon.colcon_core.package_identification:_identify(log) ignored
[0.274s] Level 1:colcon.colcon_core.package_identification:_identify(rplidar_ros) by extensions ['ignore', 'ignore_ament_install']
[0.274s] Level 1:colcon.colcon_core.package_identification:_identify(rplidar_ros) by extension 'ignore'
[0.274s] Level 1:colcon.colcon_core.package_identification:_identify(rplidar_ros) by extension 'ignore_ament_install'
[0.274s] Level 1:colcon.colcon_core.package_identification:_identify(rplidar_ros) by extensions ['colcon_pkg']
[0.274s] Level 1:colcon.colcon_core.package_identification:_identify(rplidar_ros) by extension 'colcon_pkg'
[0.274s] Level 1:colcon.colcon_core.package_identification:_identify(rplidar_ros) by extensions ['colcon_meta']
[0.274s] Level 1:colcon.colcon_core.package_identification:_identify(rplidar_ros) by extension 'colcon_meta'
[0.274s] Level 1:colcon.colcon_core.package_identification:_identify(rplidar_ros) by extensions ['ros']
[0.274s] Level 1:colcon.colcon_core.package_identification:_identify(rplidar_ros) by extension 'ros'
[0.278s] DEBUG:colcon.colcon_core.package_identification:Package 'rplidar_ros' with type 'ros.ament_cmake' and name 'rplidar_ros'
[0.278s] Level 1:colcon.colcon_core.package_identification:_identify(shopmate_bot) by extensions ['ignore', 'ignore_ament_install']
[0.278s] Level 1:colcon.colcon_core.package_identification:_identify(shopmate_bot) by extension 'ignore'
[0.278s] Level 1:colcon.colcon_core.package_identification:_identify(shopmate_bot) by extension 'ignore_ament_install'
[0.278s] Level 1:colcon.colcon_core.package_identification:_identify(shopmate_bot) by extensions ['colcon_pkg']
[0.279s] Level 1:colcon.colcon_core.package_identification:_identify(shopmate_bot) by extension 'colcon_pkg'
[0.279s] Level 1:colcon.colcon_core.package_identification:_identify(shopmate_bot) by extensions ['colcon_meta']
[0.279s] Level 1:colcon.colcon_core.package_identification:_identify(shopmate_bot) by extension 'colcon_meta'
[0.279s] Level 1:colcon.colcon_core.package_identification:_identify(shopmate_bot) by extensions ['ros']
[0.279s] Level 1:colcon.colcon_core.package_identification:_identify(shopmate_bot) by extension 'ros'
[0.279s] Level 1:colcon.colcon_core.package_identification:_identify(shopmate_bot) by extensions ['cmake', 'python']
[0.279s] Level 1:colcon.colcon_core.package_identification:_identify(shopmate_bot) by extension 'cmake'
[0.279s] Level 1:colcon.colcon_core.package_identification:_identify(shopmate_bot) by extension 'python'
[0.279s] Level 1:colcon.colcon_core.package_identification:_identify(shopmate_bot) by extensions ['python_setup_py']
[0.279s] Level 1:colcon.colcon_core.package_identification:_identify(shopmate_bot) by extension 'python_setup_py'
[0.279s] Level 1:colcon.colcon_core.package_identification:_identify(shopmate_bot/shopmate_bot_description) by extensions ['ignore', 'ignore_ament_install']
[0.279s] Level 1:colcon.colcon_core.package_identification:_identify(shopmate_bot/shopmate_bot_description) by extension 'ignore'
[0.279s] Level 1:colcon.colcon_core.package_identification:_identify(shopmate_bot/shopmate_bot_description) by extension 'ignore_ament_install'
[0.280s] Level 1:colcon.colcon_core.package_identification:_identify(shopmate_bot/shopmate_bot_description) by extensions ['colcon_pkg']
[0.280s] Level 1:colcon.colcon_core.package_identification:_identify(shopmate_bot/shopmate_bot_description) by extension 'colcon_pkg'
[0.280s] Level 1:colcon.colcon_core.package_identification:_identify(shopmate_bot/shopmate_bot_description) by extensions ['colcon_meta']
[0.280s] Level 1:colcon.colcon_core.package_identification:_identify(shopmate_bot/shopmate_bot_description) by extension 'colcon_meta'
[0.280s] Level 1:colcon.colcon_core.package_identification:_identify(shopmate_bot/shopmate_bot_description) by extensions ['ros']
[0.280s] Level 1:colcon.colcon_core.package_identification:_identify(shopmate_bot/shopmate_bot_description) by extension 'ros'
[0.281s] DEBUG:colcon.colcon_core.package_identification:Package 'shopmate_bot/shopmate_bot_description' with type 'ros.ament_python' and name 'shopmate_bot_description'
[0.281s] Level 1:colcon.colcon_core.package_identification:_identify(shopmate_bot/shopmate_bot_navigation) by extensions ['ignore', 'ignore_ament_install']
[0.281s] Level 1:colcon.colcon_core.package_identification:_identify(shopmate_bot/shopmate_bot_navigation) by extension 'ignore'
[0.282s] Level 1:colcon.colcon_core.package_identification:_identify(shopmate_bot/shopmate_bot_navigation) by extension 'ignore_ament_install'
[0.282s] Level 1:colcon.colcon_core.package_identification:_identify(shopmate_bot/shopmate_bot_navigation) by extensions ['colcon_pkg']
[0.282s] Level 1:colcon.colcon_core.package_identification:_identify(shopmate_bot/shopmate_bot_navigation) by extension 'colcon_pkg'
[0.282s] Level 1:colcon.colcon_core.package_identification:_identify(shopmate_bot/shopmate_bot_navigation) by extensions ['colcon_meta']
[0.282s] Level 1:colcon.colcon_core.package_identification:_identify(shopmate_bot/shopmate_bot_navigation) by extension 'colcon_meta'
[0.282s] Level 1:colcon.colcon_core.package_identification:_identify(shopmate_bot/shopmate_bot_navigation) by extensions ['ros']
[0.282s] Level 1:colcon.colcon_core.package_identification:_identify(shopmate_bot/shopmate_bot_navigation) by extension 'ros'
[0.283s] DEBUG:colcon.colcon_core.package_identification:Package 'shopmate_bot/shopmate_bot_navigation' with type 'ros.ament_python' and name 'shopmate_bot_navigation'
[0.283s] Level 1:colcon.colcon_core.package_identification:_identify(shopmate_bot_bringup) by extensions ['ignore', 'ignore_ament_install']
[0.283s] Level 1:colcon.colcon_core.package_identification:_identify(shopmate_bot_bringup) by extension 'ignore'
[0.283s] Level 1:colcon.colcon_core.package_identification:_identify(shopmate_bot_bringup) by extension 'ignore_ament_install'
[0.283s] Level 1:colcon.colcon_core.package_identification:_identify(shopmate_bot_bringup) by extensions ['colcon_pkg']
[0.283s] Level 1:colcon.colcon_core.package_identification:_identify(shopmate_bot_bringup) by extension 'colcon_pkg'
[0.283s] Level 1:colcon.colcon_core.package_identification:_identify(shopmate_bot_bringup) by extensions ['colcon_meta']
[0.283s] Level 1:colcon.colcon_core.package_identification:_identify(shopmate_bot_bringup) by extension 'colcon_meta'
[0.283s] Level 1:colcon.colcon_core.package_identification:_identify(shopmate_bot_bringup) by extensions ['ros']
[0.284s] Level 1:colcon.colcon_core.package_identification:_identify(shopmate_bot_bringup) by extension 'ros'
[0.284s] DEBUG:colcon.colcon_core.package_identification:Package 'shopmate_bot_bringup' with type 'ros.ament_python' and name 'shopmate_bot_bringup'
[0.284s] Level 1:colcon.colcon_core.package_identification:_identify(wheel_odom_cpp) by extensions ['ignore', 'ignore_ament_install']
[0.285s] Level 1:colcon.colcon_core.package_identification:_identify(wheel_odom_cpp) by extension 'ignore'
[0.285s] Level 1:colcon.colcon_core.package_identification:_identify(wheel_odom_cpp) by extension 'ignore_ament_install'
[0.285s] Level 1:colcon.colcon_core.package_identification:_identify(wheel_odom_cpp) by extensions ['colcon_pkg']
[0.285s] Level 1:colcon.colcon_core.package_identification:_identify(wheel_odom_cpp) by extension 'colcon_pkg'
[0.285s] Level 1:colcon.colcon_core.package_identification:_identify(wheel_odom_cpp) by extensions ['colcon_meta']
[0.285s] Level 1:colcon.colcon_core.package_identification:_identify(wheel_odom_cpp) by extension 'colcon_meta'
[0.285s] Level 1:colcon.colcon_core.package_identification:_identify(wheel_odom_cpp) by extensions ['ros']
[0.285s] Level 1:colcon.colcon_core.package_identification:_identify(wheel_odom_cpp) by extension 'ros'
[0.286s] DEBUG:colcon.colcon_core.package_identification:Package 'wheel_odom_cpp' with type 'ros.ament_cmake' and name 'wheel_odom_cpp'
[0.286s] Level 1:colcon.colcon_core.package_discovery:discover_packages(recursive) using defaults
[0.286s] Level 1:colcon.colcon_core.package_discovery:discover_packages(ignore) discover
[0.286s] Level 1:colcon.colcon_core.package_discovery:discover_packages(ignore) using defaults
[0.286s] Level 1:colcon.colcon_core.package_discovery:discover_packages(path) discover
[0.286s] Level 1:colcon.colcon_core.package_discovery:discover_packages(path) using defaults
[0.313s] Level 1:colcon.colcon_core.package_discovery:discover_packages(prefix_path) check parameters
[0.314s] Level 1:colcon.colcon_core.package_discovery:discover_packages(prefix_path) discover
[0.316s] DEBUG:colcon.colcon_installed_package_information.package_discovery:Found 5 installed packages in /home/alok/AHSR/install
[0.319s] DEBUG:colcon.colcon_installed_package_information.package_discovery:Found 339 installed packages in /opt/ros/jazzy
[0.321s] Level 1:colcon.colcon_core.package_discovery:discover_packages(prefix_path) using defaults
[0.397s] Level 5:colcon.colcon_core.verb:set package 'rplidar_ros' build argument 'cmake_args' from command line to 'None'
[0.397s] Level 5:colcon.colcon_core.verb:set package 'rplidar_ros' build argument 'cmake_target' from command line to 'None'
[0.398s] Level 5:colcon.colcon_core.verb:set package 'rplidar_ros' build argument 'cmake_target_skip_unavailable' from command line to 'False'
[0.398s] Level 5:colcon.colcon_core.verb:set package 'rplidar_ros' build argument 'cmake_clean_cache' from command line to 'False'
[0.398s] Level 5:colcon.colcon_core.verb:set package 'rplidar_ros' build argument 'cmake_clean_first' from command line to 'False'
[0.398s] Level 5:colcon.colcon_core.verb:set package 'rplidar_ros' build argument 'cmake_force_configure' from command line to 'False'
[0.398s] Level 5:colcon.colcon_core.verb:set package 'rplidar_ros' build argument 'ament_cmake_args' from command line to 'None'
[0.398s] Level 5:colcon.colcon_core.verb:set package 'rplidar_ros' build argument 'catkin_cmake_args' from command line to 'None'
[0.398s] Level 5:colcon.colcon_core.verb:set package 'rplidar_ros' build argument 'catkin_skip_building_tests' from command line to 'False'
[0.398s] DEBUG:colcon.colcon_core.verb:Building package 'rplidar_ros' with the following arguments: {'ament_cmake_args': None, 'build_base': '/home/alok/AHSR/build/rplidar_ros', 'catkin_cmake_args': None, 'catkin_skip_building_tests': False, 'cmake_args': None, 'cmake_clean_cache': False, 'cmake_clean_first': False, 'cmake_force_configure': False, 'cmake_target': None, 'cmake_target_skip_unavailable': False, 'install_base': '/home/alok/AHSR/install/rplidar_ros', 'merge_install': False, 'path': '/home/alok/AHSR/rplidar_ros', 'symlink_install': False, 'test_result_base': None}
[0.398s] Level 5:colcon.colcon_core.verb:set package 'shopmate_bot_bringup' build argument 'cmake_args' from command line to 'None'
[0.398s] Level 5:colcon.colcon_core.verb:set package 'shopmate_bot_bringup' build argument 'cmake_target' from command line to 'None'
[0.398s] Level 5:colcon.colcon_core.verb:set package 'shopmate_bot_bringup' build argument 'cmake_target_skip_unavailable' from command line to 'False'
[0.398s] Level 5:colcon.colcon_core.verb:set package 'shopmate_bot_bringup' build argument 'cmake_clean_cache' from command line to 'False'
[0.398s] Level 5:colcon.colcon_core.verb:set package 'shopmate_bot_bringup' build argument 'cmake_clean_first' from command line to 'False'
[0.398s] Level 5:colcon.colcon_core.verb:set package 'shopmate_bot_bringup' build argument 'cmake_force_configure' from command line to 'False'
[0.398s] Level 5:colcon.colcon_core.verb:set package 'shopmate_bot_bringup' build argument 'ament_cmake_args' from command line to 'None'
[0.398s] Level 5:colcon.colcon_core.verb:set package 'shopmate_bot_bringup' build argument 'catkin_cmake_args' from command line to 'None'
[0.399s] Level 5:colcon.colcon_core.verb:set package 'shopmate_bot_bringup' build argument 'catkin_skip_building_tests' from command line to 'False'
[0.399s] DEBUG:colcon.colcon_core.verb:Building package 'shopmate_bot_bringup' with the following arguments: {'ament_cmake_args': None, 'build_base': '/home/alok/AHSR/build/shopmate_bot_bringup', 'catkin_cmake_args': None, 'catkin_skip_building_tests': False, 'cmake_args': None, 'cmake_clean_cache': False, 'cmake_clean_first': False, 'cmake_force_configure': False, 'cmake_target': None, 'cmake_target_skip_unavailable': False, 'install_base': '/home/alok/AHSR/install/shopmate_bot_bringup', 'merge_install': False, 'path': '/home/alok/AHSR/shopmate_bot_bringup', 'symlink_install': False, 'test_result_base': None}
[0.399s] Level 5:colcon.colcon_core.verb:set package 'shopmate_bot_description' build argument 'cmake_args' from command line to 'None'
[0.399s] Level 5:colcon.colcon_core.verb:set package 'shopmate_bot_description' build argument 'cmake_target' from command line to 'None'
[0.399s] Level 5:colcon.colcon_core.verb:set package 'shopmate_bot_description' build argument 'cmake_target_skip_unavailable' from command line to 'False'
[0.399s] Level 5:colcon.colcon_core.verb:set package 'shopmate_bot_description' build argument 'cmake_clean_cache' from command line to 'False'
[0.399s] Level 5:colcon.colcon_core.verb:set package 'shopmate_bot_description' build argument 'cmake_clean_first' from command line to 'False'
[0.399s] Level 5:colcon.colcon_core.verb:set package 'shopmate_bot_description' build argument 'cmake_force_configure' from command line to 'False'
[0.399s] Level 5:colcon.colcon_core.verb:set package 'shopmate_bot_description' build argument 'ament_cmake_args' from command line to 'None'
[0.399s] Level 5:colcon.colcon_core.verb:set package 'shopmate_bot_description' build argument 'catkin_cmake_args' from command line to 'None'
[0.399s] Level 5:colcon.colcon_core.verb:set package 'shopmate_bot_description' build argument 'catkin_skip_building_tests' from command line to 'False'
[0.399s] DEBUG:colcon.colcon_core.verb:Building package 'shopmate_bot_description' with the following arguments: {'ament_cmake_args': None, 'build_base': '/home/alok/AHSR/build/shopmate_bot_description', 'catkin_cmake_args': None, 'catkin_skip_building_tests': False, 'cmake_args': None, 'cmake_clean_cache': False, 'cmake_clean_first': False, 'cmake_force_configure': False, 'cmake_target': None, 'cmake_target_skip_unavailable': False, 'install_base': '/home/alok/AHSR/install/shopmate_bot_description', 'merge_install': False, 'path': '/home/alok/AHSR/shopmate_bot/shopmate_bot_description', 'symlink_install': False, 'test_result_base': None}
[0.400s] Level 5:colcon.colcon_core.verb:set package 'shopmate_bot_navigation' build argument 'cmake_args' from command line to 'None'
[0.400s] Level 5:colcon.colcon_core.verb:set package 'shopmate_bot_navigation' build argument 'cmake_target' from command line to 'None'
[0.400s] Level 5:colcon.colcon_core.verb:set package 'shopmate_bot_navigation' build argument 'cmake_target_skip_unavailable' from command line to 'False'
[0.400s] Level 5:colcon.colcon_core.verb:set package 'shopmate_bot_navigation' build argument 'cmake_clean_cache' from command line to 'False'
[0.400s] Level 5:colcon.colcon_core.verb:set package 'shopmate_bot_navigation' build argument 'cmake_clean_first' from command line to 'False'
[0.400s] Level 5:colcon.colcon_core.verb:set package 'shopmate_bot_navigation' build argument 'cmake_force_configure' from command line to 'False'
[0.400s] Level 5:colcon.colcon_core.verb:set package 'shopmate_bot_navigation' build argument 'ament_cmake_args' from command line to 'None'
[0.400s] Level 5:colcon.colcon_core.verb:set package 'shopmate_bot_navigation' build argument 'catkin_cmake_args' from command line to 'None'
[0.400s] Level 5:colcon.colcon_core.verb:set package 'shopmate_bot_navigation' build argument 'catkin_skip_building_tests' from command line to 'False'
[0.400s] DEBUG:colcon.colcon_core.verb:Building package 'shopmate_bot_navigation' with the following arguments: {'ament_cmake_args': None, 'build_base': '/home/alok/AHSR/build/shopmate_bot_navigation', 'catkin_cmake_args': None, 'catkin_skip_building_tests': False, 'cmake_args': None, 'cmake_clean_cache': False, 'cmake_clean_first': False, 'cmake_force_configure': False, 'cmake_target': None, 'cmake_target_skip_unavailable': False, 'install_base': '/home/alok/AHSR/install/shopmate_bot_navigation', 'merge_install': False, 'path': '/home/alok/AHSR/shopmate_bot/shopmate_bot_navigation', 'symlink_install': False, 'test_result_base': None}
[0.400s] Level 5:colcon.colcon_core.verb:set package 'wheel_odom_cpp' build argument 'cmake_args' from command line to 'None'
[0.400s] Level 5:colcon.colcon_core.verb:set package 'wheel_odom_cpp' build argument 'cmake_target' from command line to 'None'
[0.400s] Level 5:colcon.colcon_core.verb:set package 'wheel_odom_cpp' build argument 'cmake_target_skip_unavailable' from command line to 'False'
[0.400s] Level 5:colcon.colcon_core.verb:set package 'wheel_odom_cpp' build argument 'cmake_clean_cache' from command line to 'False'
[0.400s] Level 5:colcon.colcon_core.verb:set package 'wheel_odom_cpp' build argument 'cmake_clean_first' from command line to 'False'
[0.401s] Level 5:colcon.colcon_core.verb:set package 'wheel_odom_cpp' build argument 'cmake_force_configure' from command line to 'False'
[0.401s] Level 5:colcon.colcon_core.verb:set package 'wheel_odom_cpp' build argument 'ament_cmake_args' from command line to 'None'
[0.401s] Level 5:colcon.colcon_core.verb:set package 'wheel_odom_cpp' build argument 'catkin_cmake_args' from command line to 'None'
[0.401s] Level 5:colcon.colcon_core.verb:set package 'wheel_odom_cpp' build argument 'catkin_skip_building_tests' from command line to 'False'
[0.401s] DEBUG:colcon.colcon_core.verb:Building package 'wheel_odom_cpp' with the following arguments: {'ament_cmake_args': None, 'build_base': '/home/alok/AHSR/build/wheel_odom_cpp', 'catkin_cmake_args': None, 'catkin_skip_building_tests': False, 'cmake_args': None, 'cmake_clean_cache': False, 'cmake_clean_first': False, 'cmake_force_configure': False, 'cmake_target': None, 'cmake_target_skip_unavailable': False, 'install_base': '/home/alok/AHSR/install/wheel_odom_cpp', 'merge_install': False, 'path': '/home/alok/AHSR/wheel_odom_cpp', 'symlink_install': False, 'test_result_base': None}
[0.401s] INFO:colcon.colcon_core.executor:Executing jobs using 'parallel' executor
[0.402s] DEBUG:colcon.colcon_parallel_executor.executor.parallel:run_until_complete
[0.403s] INFO:colcon.colcon_ros.task.ament_cmake.build:Building ROS package in '/home/alok/AHSR/rplidar_ros' with build type 'ament_cmake'
[0.403s] INFO:colcon.colcon_cmake.task.cmake.build:Building CMake package in '/home/alok/AHSR/rplidar_ros'
[0.406s] INFO:colcon.colcon_core.plugin_system:Skipping extension 'colcon_core.shell.bat': Not used on non-Windows systems
[0.407s] INFO:colcon.colcon_core.shell:Skip shell extension 'powershell' for command environment: Not usable outside of PowerShell
[0.407s] DEBUG:colcon.colcon_core.shell:Skip shell extension 'dsv' for command environment
[0.413s] INFO:colcon.colcon_ros.task.ament_python.build:Building ROS package in '/home/alok/AHSR/shopmate_bot_bringup' with build type 'ament_python'
[0.414s] Level 1:colcon.colcon_core.shell:create_environment_hook('shopmate_bot_bringup', 'ament_prefix_path')
[0.414s] INFO:colcon.colcon_core.shell:Creating environment hook '/home/alok/AHSR/install/shopmate_bot_bringup/share/shopmate_bot_bringup/hook/ament_prefix_path.ps1'
[0.415s] INFO:colcon.colcon_core.shell:Creating environment descriptor '/home/alok/AHSR/install/shopmate_bot_bringup/share/shopmate_bot_bringup/hook/ament_prefix_path.dsv'
[0.416s] INFO:colcon.colcon_core.shell:Creating environment hook '/home/alok/AHSR/install/shopmate_bot_bringup/share/shopmate_bot_bringup/hook/ament_prefix_path.sh'
[0.418s] INFO:colcon.colcon_core.shell:Skip shell extension 'powershell' for command environment: Not usable outside of PowerShell
[0.418s] DEBUG:colcon.colcon_core.shell:Skip shell extension 'dsv' for command environment
[0.423s] INFO:colcon.colcon_ros.task.ament_python.build:Building ROS package in '/home/alok/AHSR/shopmate_bot/shopmate_bot_description' with build type 'ament_python'
[0.424s] Level 1:colcon.colcon_core.shell:create_environment_hook('shopmate_bot_description', 'ament_prefix_path')
[0.424s] INFO:colcon.colcon_core.shell:Creating environment hook '/home/alok/AHSR/install/shopmate_bot_description/share/shopmate_bot_description/hook/ament_prefix_path.ps1'
[0.425s] INFO:colcon.colcon_core.shell:Creating environment descriptor '/home/alok/AHSR/install/shopmate_bot_description/share/shopmate_bot_description/hook/ament_prefix_path.dsv'
[0.425s] INFO:colcon.colcon_core.shell:Creating environment hook '/home/alok/AHSR/install/shopmate_bot_description/share/shopmate_bot_description/hook/ament_prefix_path.sh'
[0.426s] INFO:colcon.colcon_core.shell:Skip shell extension 'powershell' for command environment: Not usable outside of PowerShell
[0.426s] DEBUG:colcon.colcon_core.shell:Skip shell extension 'dsv' for command environment
[0.432s] INFO:colcon.colcon_ros.task.ament_python.build:Building ROS package in '/home/alok/AHSR/shopmate_bot/shopmate_bot_navigation' with build type 'ament_python'
[0.433s] Level 1:colcon.colcon_core.shell:create_environment_hook('shopmate_bot_navigation', 'ament_prefix_path')
[0.433s] INFO:colcon.colcon_core.shell:Creating environment hook '/home/alok/AHSR/install/shopmate_bot_navigation/share/shopmate_bot_navigation/hook/ament_prefix_path.ps1'
[0.434s] INFO:colcon.colcon_core.shell:Creating environment descriptor '/home/alok/AHSR/install/shopmate_bot_navigation/share/shopmate_bot_navigation/hook/ament_prefix_path.dsv'
[0.434s] INFO:colcon.colcon_core.shell:Creating environment hook '/home/alok/AHSR/install/shopmate_bot_navigation/share/shopmate_bot_navigation/hook/ament_prefix_path.sh'
[0.435s] INFO:colcon.colcon_core.shell:Skip shell extension 'powershell' for command environment: Not usable outside of PowerShell
[0.435s] DEBUG:colcon.colcon_core.shell:Skip shell extension 'dsv' for command environment
[0.441s] INFO:colcon.colcon_ros.task.ament_cmake.build:Building ROS package in '/home/alok/AHSR/wheel_odom_cpp' with build type 'ament_cmake'
[0.441s] INFO:colcon.colcon_cmake.task.cmake.build:Building CMake package in '/home/alok/AHSR/wheel_odom_cpp'
[0.441s] INFO:colcon.colcon_core.shell:Skip shell extension 'powershell' for command environment: Not usable outside of PowerShell
[0.441s] DEBUG:colcon.colcon_core.shell:Skip shell extension 'dsv' for command environment
[0.456s] DEBUG:colcon.colcon_core.event_handler.log_command:Invoking command in '/home/alok/AHSR/build/rplidar_ros': CMAKE_PREFIX_PATH=${CMAKE_PREFIX_PATH}:/home/alok/AHSR/install/shopmate_bot_navigation:/home/alok/AHSR/install/shopmate_bot_description:/home/alok/AHSR/install/shopmate_bot_bringup:/opt/ros/jazzy DEBUGINFOD_URLS=https://debuginfod.ubuntu.com /usr/bin/cmake --build /home/alok/AHSR/build/rplidar_ros -- -j16 -l16
[0.838s] INFO:colcon.colcon_core.task.python.build:Building Python package in '/home/alok/AHSR/shopmate_bot_bringup'
[0.839s] INFO:colcon.colcon_core.shell:Skip shell extension 'powershell' for command environment: Not usable outside of PowerShell
[0.839s] DEBUG:colcon.colcon_core.shell:Skip shell extension 'dsv' for command environment
[1.192s] INFO:colcon.colcon_core.task.python.build:Building Python package in '/home/alok/AHSR/shopmate_bot/shopmate_bot_description'
[1.193s] INFO:colcon.colcon_core.shell:Skip shell extension 'powershell' for command environment: Not usable outside of PowerShell
[1.193s] DEBUG:colcon.colcon_core.shell:Skip shell extension 'dsv' for command environment
[1.543s] INFO:colcon.colcon_core.task.python.build:Building Python package in '/home/alok/AHSR/shopmate_bot/shopmate_bot_navigation'
[1.543s] INFO:colcon.colcon_core.shell:Skip shell extension 'powershell' for command environment: Not usable outside of PowerShell
[1.543s] DEBUG:colcon.colcon_core.shell:Skip shell extension 'dsv' for command environment
[1.554s] DEBUG:colcon.colcon_core.event_handler.log_command:Invoked command in '/home/alok/AHSR/build/rplidar_ros' returned '0': CMAKE_PREFIX_PATH=${CMAKE_PREFIX_PATH}:/home/alok/AHSR/install/shopmate_bot_navigation:/home/alok/AHSR/install/shopmate_bot_description:/home/alok/AHSR/install/shopmate_bot_bringup:/opt/ros/jazzy DEBUGINFOD_URLS=https://debuginfod.ubuntu.com /usr/bin/cmake --build /home/alok/AHSR/build/rplidar_ros -- -j16 -l16
[1.574s] DEBUG:colcon.colcon_core.event_handler.log_command:Invoking command in '/home/alok/AHSR/build/rplidar_ros': CMAKE_PREFIX_PATH=${CMAKE_PREFIX_PATH}:/home/alok/AHSR/install/shopmate_bot_navigation:/home/alok/AHSR/install/shopmate_bot_description:/home/alok/AHSR/install/shopmate_bot_bringup:/opt/ros/jazzy DEBUGINFOD_URLS=https://debuginfod.ubuntu.com /usr/bin/cmake --install /home/alok/AHSR/build/rplidar_ros
[1.580s] DEBUG:colcon.colcon_core.event_handler.log_command:Invoking command in '/home/alok/AHSR/build/wheel_odom_cpp': CMAKE_PREFIX_PATH=${CMAKE_PREFIX_PATH}:/home/alok/AHSR/install/shopmate_bot_navigation:/home/alok/AHSR/install/shopmate_bot_description:/home/alok/AHSR/install/shopmate_bot_bringup:/opt/ros/jazzy DEBUGINFOD_URLS=https://debuginfod.ubuntu.com /usr/bin/cmake --build /home/alok/AHSR/build/wheel_odom_cpp -- -j16 -l16
[1.595s] Level 1:colcon.colcon_core.environment:create_environment_scripts_only(rplidar_ros)
[1.596s] DEBUG:colcon.colcon_core.event_handler.log_command:Invoked command in '/home/alok/AHSR/build/rplidar_ros' returned '0': CMAKE_PREFIX_PATH=${CMAKE_PREFIX_PATH}:/home/alok/AHSR/install/shopmate_bot_navigation:/home/alok/AHSR/install/shopmate_bot_description:/home/alok/AHSR/install/shopmate_bot_bringup:/opt/ros/jazzy DEBUGINFOD_URLS=https://debuginfod.ubuntu.com /usr/bin/cmake --install /home/alok/AHSR/build/rplidar_ros
[1.600s] Level 1:colcon.colcon_core.environment:checking '/home/alok/AHSR/install/rplidar_ros' for CMake module files
[1.601s] Level 1:colcon.colcon_core.environment:checking '/home/alok/AHSR/install/rplidar_ros' for CMake config files
[1.602s] Level 1:colcon.colcon_core.shell:create_environment_hook('rplidar_ros', 'cmake_prefix_path')
[1.602s] INFO:colcon.colcon_core.shell:Creating environment hook '/home/alok/AHSR/install/rplidar_ros/share/rplidar_ros/hook/cmake_prefix_path.ps1'
[1.603s] INFO:colcon.colcon_core.shell:Creating environment descriptor '/home/alok/AHSR/install/rplidar_ros/share/rplidar_ros/hook/cmake_prefix_path.dsv'
[1.604s] INFO:colcon.colcon_core.shell:Creating environment hook '/home/alok/AHSR/install/rplidar_ros/share/rplidar_ros/hook/cmake_prefix_path.sh'
[1.605s] Level 1:colcon.colcon_core.environment:checking '/home/alok/AHSR/install/rplidar_ros/lib'
[1.605s] Level 1:colcon.colcon_core.environment:checking '/home/alok/AHSR/install/rplidar_ros/bin'
[1.605s] Level 1:colcon.colcon_core.environment:checking '/home/alok/AHSR/install/rplidar_ros/lib/pkgconfig/rplidar_ros.pc'
[1.605s] Level 1:colcon.colcon_core.environment:checking '/home/alok/AHSR/install/rplidar_ros/lib/python3.12/site-packages'
[1.606s] Level 1:colcon.colcon_core.environment:checking '/home/alok/AHSR/install/rplidar_ros/bin'
[1.606s] INFO:colcon.colcon_core.shell:Creating package script '/home/alok/AHSR/install/rplidar_ros/share/rplidar_ros/package.ps1'
[1.608s] INFO:colcon.colcon_core.shell:Creating package descriptor '/home/alok/AHSR/install/rplidar_ros/share/rplidar_ros/package.dsv'
[1.608s] INFO:colcon.colcon_core.shell:Creating package script '/home/alok/AHSR/install/rplidar_ros/share/rplidar_ros/package.sh'
[1.609s] INFO:colcon.colcon_core.shell:Creating package script '/home/alok/AHSR/install/rplidar_ros/share/rplidar_ros/package.bash'
[1.610s] INFO:colcon.colcon_core.shell:Creating package script '/home/alok/AHSR/install/rplidar_ros/share/rplidar_ros/package.zsh'
[1.611s] Level 1:colcon.colcon_core.environment:create_file_with_runtime_dependencies(/home/alok/AHSR/install/rplidar_ros/share/colcon-core/packages/rplidar_ros)
[1.612s] Level 1:colcon.colcon_core.environment:create_environment_scripts_only(rplidar_ros)
[1.612s] Level 1:colcon.colcon_core.environment:checking '/home/alok/AHSR/install/rplidar_ros' for CMake module files
[1.613s] Level 1:colcon.colcon_core.environment:checking '/home/alok/AHSR/install/rplidar_ros' for CMake config files
[1.614s] Level 1:colcon.colcon_core.shell:create_environment_hook('rplidar_ros', 'cmake_prefix_path')
[1.614s] INFO:colcon.colcon_core.shell:Creating environment hook '/home/alok/AHSR/install/rplidar_ros/share/rplidar_ros/hook/cmake_prefix_path.ps1'
[1.615s] INFO:colcon.colcon_core.shell:Creating environment descriptor '/home/alok/AHSR/install/rplidar_ros/share/rplidar_ros/hook/cmake_prefix_path.dsv'
[1.615s] INFO:colcon.colcon_core.shell:Creating environment hook '/home/alok/AHSR/install/rplidar_ros/share/rplidar_ros/hook/cmake_prefix_path.sh'
[1.616s] Level 1:colcon.colcon_core.environment:checking '/home/alok/AHSR/install/rplidar_ros/lib'
[1.616s] Level 1:colcon.colcon_core.environment:checking '/home/alok/AHSR/install/rplidar_ros/bin'
[1.616s] Level 1:colcon.colcon_core.environment:checking '/home/alok/AHSR/install/rplidar_ros/lib/pkgconfig/rplidar_ros.pc'
[1.617s] Level 1:colcon.colcon_core.environment:checking '/home/alok/AHSR/install/rplidar_ros/lib/python3.12/site-packages'
[1.617s] Level 1:colcon.colcon_core.environment:checking '/home/alok/AHSR/install/rplidar_ros/bin'
[1.617s] INFO:colcon.colcon_core.shell:Creating package script '/home/alok/AHSR/install/rplidar_ros/share/rplidar_ros/package.ps1'
[1.618s] INFO:colcon.colcon_core.shell:Creating package descriptor '/home/alok/AHSR/install/rplidar_ros/share/rplidar_ros/package.dsv'
[1.619s] INFO:colcon.colcon_core.shell:Creating package script '/home/alok/AHSR/install/rplidar_ros/share/rplidar_ros/package.sh'
[1.620s] INFO:colcon.colcon_core.shell:Creating package script '/home/alok/AHSR/install/rplidar_ros/share/rplidar_ros/package.bash'
[1.620s] INFO:colcon.colcon_core.shell:Creating package script '/home/alok/AHSR/install/rplidar_ros/share/rplidar_ros/package.zsh'
[1.621s] Level 1:colcon.colcon_core.environment:create_file_with_runtime_dependencies(/home/alok/AHSR/install/rplidar_ros/share/colcon-core/packages/rplidar_ros)
[2.601s] DEBUG:colcon.colcon_core.event_handler.log_command:Invoking command in '/home/alok/AHSR/shopmate_bot/shopmate_bot_navigation': DEBUGINFOD_URLS=https://debuginfod.ubuntu.com PYTHONPATH=/home/alok/AHSR/build/shopmate_bot_navigation/prefix_override:/usr/lib/python3/dist-packages/colcon_core/task/python/colcon_distutils_commands:/home/alok/AHSR/install/shopmate_bot_navigation/lib/python3.12/site-packages:${PYTHONPATH} /usr/bin/python3 -W ignore:setup.py install is deprecated -W ignore:easy_install command is deprecated setup.py egg_info --egg-base ../../build/shopmate_bot_navigation build --build-base /home/alok/AHSR/build/shopmate_bot_navigation/build install --record /home/alok/AHSR/build/shopmate_bot_navigation/install.log --single-version-externally-managed install_data
[2.609s] DEBUG:colcon.colcon_core.event_handler.log_command:Invoking command in '/home/alok/AHSR/shopmate_bot/shopmate_bot_description': DEBUGINFOD_URLS=https://debuginfod.ubuntu.com PYTHONPATH=/home/alok/AHSR/build/shopmate_bot_description/prefix_override:/usr/lib/python3/dist-packages/colcon_core/task/python/colcon_distutils_commands:/home/alok/AHSR/install/shopmate_bot_description/lib/python3.12/site-packages:${PYTHONPATH} /usr/bin/python3 -W ignore:setup.py install is deprecated -W ignore:easy_install command is deprecated setup.py egg_info --egg-base ../../build/shopmate_bot_description build --build-base /home/alok/AHSR/build/shopmate_bot_description/build install --record /home/alok/AHSR/build/shopmate_bot_description/install.log --single-version-externally-managed install_data
[2.630s] DEBUG:colcon.colcon_core.event_handler.log_command:Invoking command in '/home/alok/AHSR/shopmate_bot_bringup': DEBUGINFOD_URLS=https://debuginfod.ubuntu.com PYTHONPATH=/home/alok/AHSR/build/shopmate_bot_bringup/prefix_override:/usr/lib/python3/dist-packages/colcon_core/task/python/colcon_distutils_commands:/home/alok/AHSR/install/shopmate_bot_bringup/lib/python3.12/site-packages:${PYTHONPATH} /usr/bin/python3 -W ignore:setup.py install is deprecated -W ignore:easy_install command is deprecated setup.py egg_info --egg-base ../build/shopmate_bot_bringup build --build-base /home/alok/AHSR/build/shopmate_bot_bringup/build install --record /home/alok/AHSR/build/shopmate_bot_bringup/install.log --single-version-externally-managed install_data
[3.505s] Level 1:colcon.colcon_core.environment:checking '/home/alok/AHSR/install/shopmate_bot_navigation' for CMake module files
[3.506s] DEBUG:colcon.colcon_core.event_handler.log_command:Invoked command in '/home/alok/AHSR/shopmate_bot/shopmate_bot_navigation' returned '0': DEBUGINFOD_URLS=https://debuginfod.ubuntu.com PYTHONPATH=/home/alok/AHSR/build/shopmate_bot_navigation/prefix_override:/usr/lib/python3/dist-packages/colcon_core/task/python/colcon_distutils_commands:/home/alok/AHSR/install/shopmate_bot_navigation/lib/python3.12/site-packages:${PYTHONPATH} /usr/bin/python3 -W ignore:setup.py install is deprecated -W ignore:easy_install command is deprecated setup.py egg_info --egg-base ../../build/shopmate_bot_navigation build --build-base /home/alok/AHSR/build/shopmate_bot_navigation/build install --record /home/alok/AHSR/build/shopmate_bot_navigation/install.log --single-version-externally-managed install_data
[3.506s] Level 1:colcon.colcon_core.environment:checking '/home/alok/AHSR/install/shopmate_bot_navigation' for CMake config files
[3.507s] Level 1:colcon.colcon_core.environment:checking '/home/alok/AHSR/install/shopmate_bot_navigation/lib'
[3.507s] Level 1:colcon.colcon_core.environment:checking '/home/alok/AHSR/install/shopmate_bot_navigation/bin'
[3.507s] Level 1:colcon.colcon_core.environment:checking '/home/alok/AHSR/install/shopmate_bot_navigation/lib/pkgconfig/shopmate_bot_navigation.pc'
[3.508s] Level 1:colcon.colcon_core.environment:checking '/home/alok/AHSR/install/shopmate_bot_navigation/lib/python3.12/site-packages'
[3.508s] Level 1:colcon.colcon_core.shell:create_environment_hook('shopmate_bot_navigation', 'pythonpath')
[3.508s] INFO:colcon.colcon_core.shell:Creating environment hook '/home/alok/AHSR/install/shopmate_bot_navigation/share/shopmate_bot_navigation/hook/pythonpath.ps1'
[3.509s] INFO:colcon.colcon_core.shell:Creating environment descriptor '/home/alok/AHSR/install/shopmate_bot_navigation/share/shopmate_bot_navigation/hook/pythonpath.dsv'
[3.509s] INFO:colcon.colcon_core.shell:Creating environment hook '/home/alok/AHSR/install/shopmate_bot_navigation/share/shopmate_bot_navigation/hook/pythonpath.sh'
[3.511s] Level 1:colcon.colcon_core.environment:checking '/home/alok/AHSR/install/shopmate_bot_navigation/bin'
[3.511s] Level 1:colcon.colcon_core.environment:create_environment_scripts_only(shopmate_bot_navigation)
[3.511s] INFO:colcon.colcon_core.shell:Creating package script '/home/alok/AHSR/install/shopmate_bot_navigation/share/shopmate_bot_navigation/package.ps1'
[3.512s] INFO:colcon.colcon_core.shell:Creating package descriptor '/home/alok/AHSR/install/shopmate_bot_navigation/share/shopmate_bot_navigation/package.dsv'
[3.512s] INFO:colcon.colcon_core.shell:Creating package script '/home/alok/AHSR/install/shopmate_bot_navigation/share/shopmate_bot_navigation/package.sh'
[3.513s] INFO:colcon.colcon_core.shell:Creating package script '/home/alok/AHSR/install/shopmate_bot_navigation/share/shopmate_bot_navigation/package.bash'
[3.514s] INFO:colcon.colcon_core.shell:Creating package script '/home/alok/AHSR/install/shopmate_bot_navigation/share/shopmate_bot_navigation/package.zsh'
[3.514s] Level 1:colcon.colcon_core.environment:create_file_with_runtime_dependencies(/home/alok/AHSR/install/shopmate_bot_navigation/share/colcon-core/packages/shopmate_bot_navigation)
[3.521s] Level 1:colcon.colcon_core.environment:checking '/home/alok/AHSR/install/shopmate_bot_description' for CMake module files
[3.522s] DEBUG:colcon.colcon_core.event_handler.log_command:Invoked command in '/home/alok/AHSR/shopmate_bot/shopmate_bot_description' returned '0': DEBUGINFOD_URLS=https://debuginfod.ubuntu.com PYTHONPATH=/home/alok/AHSR/build/shopmate_bot_description/prefix_override:/usr/lib/python3/dist-packages/colcon_core/task/python/colcon_distutils_commands:/home/alok/AHSR/install/shopmate_bot_description/lib/python3.12/site-packages:${PYTHONPATH} /usr/bin/python3 -W ignore:setup.py install is deprecated -W ignore:easy_install command is deprecated setup.py egg_info --egg-base ../../build/shopmate_bot_description build --build-base /home/alok/AHSR/build/shopmate_bot_description/build install --record /home/alok/AHSR/build/shopmate_bot_description/install.log --single-version-externally-managed install_data
[3.523s] Level 1:colcon.colcon_core.environment:checking '/home/alok/AHSR/install/shopmate_bot_description' for CMake config files
[3.524s] Level 1:colcon.colcon_core.environment:checking '/home/alok/AHSR/install/shopmate_bot_description/lib'
[3.524s] Level 1:colcon.colcon_core.environment:checking '/home/alok/AHSR/install/shopmate_bot_description/bin'
[3.524s] Level 1:colcon.colcon_core.environment:checking '/home/alok/AHSR/install/shopmate_bot_description/lib/pkgconfig/shopmate_bot_description.pc'
[3.525s] Level 1:colcon.colcon_core.environment:checking '/home/alok/AHSR/install/shopmate_bot_description/lib/python3.12/site-packages'
[3.525s] Level 1:colcon.colcon_core.shell:create_environment_hook('shopmate_bot_description', 'pythonpath')
[3.525s] INFO:colcon.colcon_core.shell:Creating environment hook '/home/alok/AHSR/install/shopmate_bot_description/share/shopmate_bot_description/hook/pythonpath.ps1'
[3.526s] INFO:colcon.colcon_core.shell:Creating environment descriptor '/home/alok/AHSR/install/shopmate_bot_description/share/shopmate_bot_description/hook/pythonpath.dsv'
[3.526s] INFO:colcon.colcon_core.shell:Creating environment hook '/home/alok/AHSR/install/shopmate_bot_description/share/shopmate_bot_description/hook/pythonpath.sh'
[3.527s] Level 1:colcon.colcon_core.environment:checking '/home/alok/AHSR/install/shopmate_bot_description/bin'
[3.527s] Level 1:colcon.colcon_core.environment:create_environment_scripts_only(shopmate_bot_description)
[3.528s] INFO:colcon.colcon_core.shell:Creating package script '/home/alok/AHSR/install/shopmate_bot_description/share/shopmate_bot_description/package.ps1'
[3.528s] INFO:colcon.colcon_core.shell:Creating package descriptor '/home/alok/AHSR/install/shopmate_bot_description/share/shopmate_bot_description/package.dsv'
[3.529s] INFO:colcon.colcon_core.shell:Creating package script '/home/alok/AHSR/install/shopmate_bot_description/share/shopmate_bot_description/package.sh'
[3.530s] INFO:colcon.colcon_core.shell:Creating package script '/home/alok/AHSR/install/shopmate_bot_description/share/shopmate_bot_description/package.bash'
[3.530s] INFO:colcon.colcon_core.shell:Creating package script '/home/alok/AHSR/install/shopmate_bot_description/share/shopmate_bot_description/package.zsh'
[3.531s] Level 1:colcon.colcon_core.environment:create_file_with_runtime_dependencies(/home/alok/AHSR/install/shopmate_bot_description/share/colcon-core/packages/shopmate_bot_description)
[3.533s] Level 1:colcon.colcon_core.environment:checking '/home/alok/AHSR/install/shopmate_bot_bringup' for CMake module files
[3.534s] Level 1:colcon.colcon_core.environment:checking '/home/alok/AHSR/install/shopmate_bot_bringup' for CMake config files
[3.534s] DEBUG:colcon.colcon_core.event_handler.log_command:Invoked command in '/home/alok/AHSR/shopmate_bot_bringup' returned '0': DEBUGINFOD_URLS=https://debuginfod.ubuntu.com PYTHONPATH=/home/alok/AHSR/build/shopmate_bot_bringup/prefix_override:/usr/lib/python3/dist-packages/colcon_core/task/python/colcon_distutils_commands:/home/alok/AHSR/install/shopmate_bot_bringup/lib/python3.12/site-packages:${PYTHONPATH} /usr/bin/python3 -W ignore:setup.py install is deprecated -W ignore:easy_install command is deprecated setup.py egg_info --egg-base ../build/shopmate_bot_bringup build --build-base /home/alok/AHSR/build/shopmate_bot_bringup/build install --record /home/alok/AHSR/build/shopmate_bot_bringup/install.log --single-version-externally-managed install_data
[3.535s] Level 1:colcon.colcon_core.environment:checking '/home/alok/AHSR/install/shopmate_bot_bringup/lib'
[3.535s] Level 1:colcon.colcon_core.environment:checking '/home/alok/AHSR/install/shopmate_bot_bringup/bin'
[3.535s] Level 1:colcon.colcon_core.environment:checking '/home/alok/AHSR/install/shopmate_bot_bringup/lib/pkgconfig/shopmate_bot_bringup.pc'
[3.536s] Level 1:colcon.colcon_core.environment:checking '/home/alok/AHSR/install/shopmate_bot_bringup/lib/python3.12/site-packages'
[3.536s] Level 1:colcon.colcon_core.shell:create_environment_hook('shopmate_bot_bringup', 'pythonpath')
[3.536s] INFO:colcon.colcon_core.shell:Creating environment hook '/home/alok/AHSR/install/shopmate_bot_bringup/share/shopmate_bot_bringup/hook/pythonpath.ps1'
[3.537s] INFO:colcon.colcon_core.shell:Creating environment descriptor '/home/alok/AHSR/install/shopmate_bot_bringup/share/shopmate_bot_bringup/hook/pythonpath.dsv'
[3.537s] INFO:colcon.colcon_core.shell:Creating environment hook '/home/alok/AHSR/install/shopmate_bot_bringup/share/shopmate_bot_bringup/hook/pythonpath.sh'
[3.538s] Level 1:colcon.colcon_core.environment:checking '/home/alok/AHSR/install/shopmate_bot_bringup/bin'
[3.539s] Level 1:colcon.colcon_core.environment:create_environment_scripts_only(shopmate_bot_bringup)
[3.539s] INFO:colcon.colcon_core.shell:Creating package script '/home/alok/AHSR/install/shopmate_bot_bringup/share/shopmate_bot_bringup/package.ps1'
[3.540s] INFO:colcon.colcon_core.shell:Creating package descriptor '/home/alok/AHSR/install/shopmate_bot_bringup/share/shopmate_bot_bringup/package.dsv'
[3.540s] INFO:colcon.colcon_core.shell:Creating package script '/home/alok/AHSR/install/shopmate_bot_bringup/share/shopmate_bot_bringup/package.sh'
[3.541s] INFO:colcon.colcon_core.shell:Creating package script '/home/alok/AHSR/install/shopmate_bot_bringup/share/shopmate_bot_bringup/package.bash'
[3.542s] INFO:colcon.colcon_core.shell:Creating package script '/home/alok/AHSR/install/shopmate_bot_bringup/share/shopmate_bot_bringup/package.zsh'
[3.542s] Level 1:colcon.colcon_core.environment:create_file_with_runtime_dependencies(/home/alok/AHSR/install/shopmate_bot_bringup/share/colcon-core/packages/shopmate_bot_bringup)
[9.625s] DEBUG:colcon.colcon_core.event_handler.log_command:Invoked command in '/home/alok/AHSR/build/wheel_odom_cpp' returned '0': CMAKE_PREFIX_PATH=${CMAKE_PREFIX_PATH}:/home/alok/AHSR/install/shopmate_bot_navigation:/home/alok/AHSR/install/shopmate_bot_description:/home/alok/AHSR/install/shopmate_bot_bringup:/opt/ros/jazzy DEBUGINFOD_URLS=https://debuginfod.ubuntu.com /usr/bin/cmake --build /home/alok/AHSR/build/wheel_odom_cpp -- -j16 -l16
[9.627s] DEBUG:colcon.colcon_core.event_handler.log_command:Invoking command in '/home/alok/AHSR/build/wheel_odom_cpp': CMAKE_PREFIX_PATH=${CMAKE_PREFIX_PATH}:/home/alok/AHSR/install/shopmate_bot_navigation:/home/alok/AHSR/install/shopmate_bot_description:/home/alok/AHSR/install/shopmate_bot_bringup:/opt/ros/jazzy DEBUGINFOD_URLS=https://debuginfod.ubuntu.com /usr/bin/cmake --install /home/alok/AHSR/build/wheel_odom_cpp
[9.644s] Level 1:colcon.colcon_core.environment:create_environment_scripts_only(wheel_odom_cpp)
[9.644s] Level 1:colcon.colcon_core.environment:checking '/home/alok/AHSR/install/wheel_odom_cpp' for CMake module files
[9.645s] DEBUG:colcon.colcon_core.event_handler.log_command:Invoked command in '/home/alok/AHSR/build/wheel_odom_cpp' returned '0': CMAKE_PREFIX_PATH=${CMAKE_PREFIX_PATH}:/home/alok/AHSR/install/shopmate_bot_navigation:/home/alok/AHSR/install/shopmate_bot_description:/home/alok/AHSR/install/shopmate_bot_bringup:/opt/ros/jazzy DEBUGINFOD_URLS=https://debuginfod.ubuntu.com /usr/bin/cmake --install /home/alok/AHSR/build/wheel_odom_cpp
[9.646s] Level 1:colcon.colcon_core.environment:checking '/home/alok/AHSR/install/wheel_odom_cpp' for CMake config files
[9.646s] Level 1:colcon.colcon_core.shell:create_environment_hook('wheel_odom_cpp', 'cmake_prefix_path')
[9.646s] INFO:colcon.colcon_core.shell:Creating environment hook '/home/alok/AHSR/install/wheel_odom_cpp/share/wheel_odom_cpp/hook/cmake_prefix_path.ps1'
[9.647s] INFO:colcon.colcon_core.shell:Creating environment descriptor '/home/alok/AHSR/install/wheel_odom_cpp/share/wheel_odom_cpp/hook/cmake_prefix_path.dsv'
[9.647s] INFO:colcon.colcon_core.shell:Creating environment hook '/home/alok/AHSR/install/wheel_odom_cpp/share/wheel_odom_cpp/hook/cmake_prefix_path.sh'
[9.648s] Level 1:colcon.colcon_core.environment:checking '/home/alok/AHSR/install/wheel_odom_cpp/lib'
[9.648s] Level 1:colcon.colcon_core.environment:checking '/home/alok/AHSR/install/wheel_odom_cpp/bin'
[9.648s] Level 1:colcon.colcon_core.environment:checking '/home/alok/AHSR/install/wheel_odom_cpp/lib/pkgconfig/wheel_odom_cpp.pc'
[9.648s] Level 1:colcon.colcon_core.environment:checking '/home/alok/AHSR/install/wheel_odom_cpp/lib/python3.12/site-packages'
[9.649s] Level 1:colcon.colcon_core.environment:checking '/home/alok/AHSR/install/wheel_odom_cpp/bin'
[9.649s] INFO:colcon.colcon_core.shell:Creating package script '/home/alok/AHSR/install/wheel_odom_cpp/share/wheel_odom_cpp/package.ps1'
[9.649s] INFO:colcon.colcon_core.shell:Creating package descriptor '/home/alok/AHSR/install/wheel_odom_cpp/share/wheel_odom_cpp/package.dsv'
[9.650s] INFO:colcon.colcon_core.shell:Creating package script '/home/alok/AHSR/install/wheel_odom_cpp/share/wheel_odom_cpp/package.sh'
[9.651s] INFO:colcon.colcon_core.shell:Creating package script '/home/alok/AHSR/install/wheel_odom_cpp/share/wheel_odom_cpp/package.bash'
[9.651s] INFO:colcon.colcon_core.shell:Creating package script '/home/alok/AHSR/install/wheel_odom_cpp/share/wheel_odom_cpp/package.zsh'
[9.652s] Level 1:colcon.colcon_core.environment:create_file_with_runtime_dependencies(/home/alok/AHSR/install/wheel_odom_cpp/share/colcon-core/packages/wheel_odom_cpp)
[9.652s] Level 1:colcon.colcon_core.environment:create_environment_scripts_only(wheel_odom_cpp)
[9.652s] Level 1:colcon.colcon_core.environment:checking '/home/alok/AHSR/install/wheel_odom_cpp' for CMake module files
[9.653s] Level 1:colcon.colcon_core.environment:checking '/home/alok/AHSR/install/wheel_odom_cpp' for CMake config files
[9.653s] Level 1:colcon.colcon_core.shell:create_environment_hook('wheel_odom_cpp', 'cmake_prefix_path')
[9.653s] INFO:colcon.colcon_core.shell:Creating environment hook '/home/alok/AHSR/install/wheel_odom_cpp/share/wheel_odom_cpp/hook/cmake_prefix_path.ps1'
[9.654s] INFO:colcon.colcon_core.shell:Creating environment descriptor '/home/alok/AHSR/install/wheel_odom_cpp/share/wheel_odom_cpp/hook/cmake_prefix_path.dsv'
[9.654s] INFO:colcon.colcon_core.shell:Creating environment hook '/home/alok/AHSR/install/wheel_odom_cpp/share/wheel_odom_cpp/hook/cmake_prefix_path.sh'
[9.655s] Level 1:colcon.colcon_core.environment:checking '/home/alok/AHSR/install/wheel_odom_cpp/lib'
[9.655s] Level 1:colcon.colcon_core.environment:checking '/home/alok/AHSR/install/wheel_odom_cpp/bin'
[9.655s] Level 1:colcon.colcon_core.environment:checking '/home/alok/AHSR/install/wheel_odom_cpp/lib/pkgconfig/wheel_odom_cpp.pc'
[9.656s] Level 1:colcon.colcon_core.environment:checking '/home/alok/AHSR/install/wheel_odom_cpp/lib/python3.12/site-packages'
[9.656s] Level 1:colcon.colcon_core.environment:checking '/home/alok/AHSR/install/wheel_odom_cpp/bin'
[9.656s] INFO:colcon.colcon_core.shell:Creating package script '/home/alok/AHSR/install/wheel_odom_cpp/share/wheel_odom_cpp/package.ps1'
[9.657s] INFO:colcon.colcon_core.shell:Creating package descriptor '/home/alok/AHSR/install/wheel_odom_cpp/share/wheel_odom_cpp/package.dsv'
[9.657s] INFO:colcon.colcon_core.shell:Creating package script '/home/alok/AHSR/install/wheel_odom_cpp/share/wheel_odom_cpp/package.sh'
[9.658s] INFO:colcon.colcon_core.shell:Creating package script '/home/alok/AHSR/install/wheel_odom_cpp/share/wheel_odom_cpp/package.bash'
[9.658s] INFO:colcon.colcon_core.shell:Creating package script '/home/alok/AHSR/install/wheel_odom_cpp/share/wheel_odom_cpp/package.zsh'
[9.659s] Level 1:colcon.colcon_core.environment:create_file_with_runtime_dependencies(/home/alok/AHSR/install/wheel_odom_cpp/share/colcon-core/packages/wheel_odom_cpp)
[9.659s] DEBUG:colcon.colcon_parallel_executor.executor.parallel:closing loop
[9.660s] DEBUG:colcon.colcon_parallel_executor.executor.parallel:loop closed
[9.660s] DEBUG:colcon.colcon_parallel_executor.executor.parallel:run_until_complete finished with '0'
[9.660s] DEBUG:colcon.colcon_core.event_reactor:joining thread
[9.666s] INFO:colcon.colcon_core.plugin_system:Skipping extension 'colcon_notification.desktop_notification.terminal_notifier': Not used on non-Darwin systems
[9.667s] INFO:colcon.colcon_core.plugin_system:Skipping extension 'colcon_notification.desktop_notification.win32': Not used on non-Windows systems
[9.667s] INFO:colcon.colcon_notification.desktop_notification:Sending desktop notification using 'notify2'
[9.687s] DEBUG:colcon.colcon_core.event_reactor:joined thread
[9.687s] INFO:colcon.colcon_core.shell:Creating prefix script '/home/alok/AHSR/install/local_setup.ps1'
[9.689s] INFO:colcon.colcon_core.shell:Creating prefix util module '/home/alok/AHSR/install/_local_setup_util_ps1.py'
[9.690s] INFO:colcon.colcon_core.shell:Creating prefix chain script '/home/alok/AHSR/install/setup.ps1'
[9.691s] INFO:colcon.colcon_core.shell:Creating prefix script '/home/alok/AHSR/install/local_setup.sh'
[9.692s] INFO:colcon.colcon_core.shell:Creating prefix util module '/home/alok/AHSR/install/_local_setup_util_sh.py'
[9.693s] INFO:colcon.colcon_core.shell:Creating prefix chain script '/home/alok/AHSR/install/setup.sh'
[9.694s] INFO:colcon.colcon_core.shell:Creating prefix script '/home/alok/AHSR/install/local_setup.bash'
[9.694s] INFO:colcon.colcon_core.shell:Creating prefix chain script '/home/alok/AHSR/install/setup.bash'
[9.696s] INFO:colcon.colcon_core.shell:Creating prefix script '/home/alok/AHSR/install/local_setup.zsh'
[9.696s] INFO:colcon.colcon_core.shell:Creating prefix chain script '/home/alok/AHSR/install/setup.zsh'
