[1.136s] Invoking command in '/home/alok/AHSR/build/wheel_odom_cpp': CMAKE_PREFIX_PATH=${CMAKE_PREFIX_PATH}:/home/alok/AHSR/install/shopmate_bot_navigation:/home/alok/AHSR/install/shopmate_bot_description:/home/alok/AHSR/install/shopmate_bot_bringup:/opt/ros/jazzy DEBUGINFOD_URLS=https://debuginfod.ubuntu.com /usr/bin/cmake --build /home/alok/AHSR/build/wheel_odom_cpp -- -j16 -l16
[1.264s] [ 50%] [32mBuilding CXX object CMakeFiles/wheel_odom_node.dir/src/wheel_odom_cpp.cpp.o[0m
[8.645s] [100%] [32m[1mLinking CXX executable wheel_odom_node[0m
[8.862s] [100%] Built target wheel_odom_node
[8.875s] Invoked command in '/home/alok/AHSR/build/wheel_odom_cpp' returned '0': CMAKE_PREFIX_PATH=${CMAKE_PREFIX_PATH}:/home/alok/AHSR/install/shopmate_bot_navigation:/home/alok/AHSR/install/shopmate_bot_description:/home/alok/AHSR/install/shopmate_bot_bringup:/opt/ros/jazzy DEBUGINFOD_URLS=https://debuginfod.ubuntu.com /usr/bin/cmake --build /home/alok/AHSR/build/wheel_odom_cpp -- -j16 -l16
[8.876s] Invoking command in '/home/alok/AHSR/build/wheel_odom_cpp': CMAKE_PREFIX_PATH=${CMAKE_PREFIX_PATH}:/home/alok/AHSR/install/shopmate_bot_navigation:/home/alok/AHSR/install/shopmate_bot_description:/home/alok/AHSR/install/shopmate_bot_bringup:/opt/ros/jazzy DEBUGINFOD_URLS=https://debuginfod.ubuntu.com /usr/bin/cmake --install /home/alok/AHSR/build/wheel_odom_cpp
[8.884s] -- Install configuration: ""
[8.885s] -- Installing: /home/alok/AHSR/install/wheel_odom_cpp/lib/wheel_odom_cpp/wheel_odom_node
[8.887s] -- Set non-toolchain portion of runtime path of "/home/alok/AHSR/install/wheel_odom_cpp/lib/wheel_odom_cpp/wheel_odom_node" to ""
[8.887s] -- Up-to-date: /home/alok/AHSR/install/wheel_odom_cpp/share/ament_index/resource_index/package_run_dependencies/wheel_odom_cpp
[8.887s] -- Up-to-date: /home/alok/AHSR/install/wheel_odom_cpp/share/ament_index/resource_index/parent_prefix_path/wheel_odom_cpp
[8.888s] -- Up-to-date: /home/alok/AHSR/install/wheel_odom_cpp/share/wheel_odom_cpp/environment/ament_prefix_path.sh
[8.888s] -- Up-to-date: /home/alok/AHSR/install/wheel_odom_cpp/share/wheel_odom_cpp/environment/ament_prefix_path.dsv
[8.888s] -- Up-to-date: /home/alok/AHSR/install/wheel_odom_cpp/share/wheel_odom_cpp/environment/path.sh
[8.888s] -- Up-to-date: /home/alok/AHSR/install/wheel_odom_cpp/share/wheel_odom_cpp/environment/path.dsv
[8.888s] -- Up-to-date: /home/alok/AHSR/install/wheel_odom_cpp/share/wheel_odom_cpp/local_setup.bash
[8.888s] -- Up-to-date: /home/alok/AHSR/install/wheel_odom_cpp/share/wheel_odom_cpp/local_setup.sh
[8.888s] -- Up-to-date: /home/alok/AHSR/install/wheel_odom_cpp/share/wheel_odom_cpp/local_setup.zsh
[8.888s] -- Up-to-date: /home/alok/AHSR/install/wheel_odom_cpp/share/wheel_odom_cpp/local_setup.dsv
[8.888s] -- Installing: /home/alok/AHSR/install/wheel_odom_cpp/share/wheel_odom_cpp/package.dsv
[8.888s] -- Up-to-date: /home/alok/AHSR/install/wheel_odom_cpp/share/ament_index/resource_index/packages/wheel_odom_cpp
[8.888s] -- Up-to-date: /home/alok/AHSR/install/wheel_odom_cpp/share/wheel_odom_cpp/cmake/wheel_odom_cppConfig.cmake
[8.888s] -- Up-to-date: /home/alok/AHSR/install/wheel_odom_cpp/share/wheel_odom_cpp/cmake/wheel_odom_cppConfig-version.cmake
[8.888s] -- Up-to-date: /home/alok/AHSR/install/wheel_odom_cpp/share/wheel_odom_cpp/package.xml
[8.890s] Invoked command in '/home/alok/AHSR/build/wheel_odom_cpp' returned '0': CMAKE_PREFIX_PATH=${CMAKE_PREFIX_PATH}:/home/alok/AHSR/install/shopmate_bot_navigation:/home/alok/AHSR/install/shopmate_bot_description:/home/alok/AHSR/install/shopmate_bot_bringup:/opt/ros/jazzy DEBUGINFOD_URLS=https://debuginfod.ubuntu.com /usr/bin/cmake --install /home/alok/AHSR/build/wheel_odom_cpp
