/home/alok/AHSR/install/shopmate_bot_description/lib/python3.12/site-packages/shopmate_bot_description/__init__.py
/home/alok/AHSR/install/shopmate_bot_description/lib/python3.12/site-packages/shopmate_bot_description/__pycache__/__init__.cpython-312.pyc
/home/alok/AHSR/install/shopmate_bot_description/share/ament_index/resource_index/packages/shopmate_bot_description
/home/alok/AHSR/install/shopmate_bot_description/share/shopmate_bot_description/package.xml
/home/alok/AHSR/install/shopmate_bot_description/share/shopmate_bot_description/launch/display.launch.py
/home/alok/AHSR/install/shopmate_bot_description/share/shopmate_bot_description/launch/gazebo.launch.py
/home/alok/AHSR/install/shopmate_bot_description/share/shopmate_bot_description/urdf/shopmate_bot.xacro
/home/alok/AHSR/install/shopmate_bot_description/share/shopmate_bot_description/urdf/shopmate_bot.urdf.xacro
/home/alok/AHSR/install/shopmate_bot_description/share/shopmate_bot_description/urdf/shopmate_bot.urdf
/home/alok/AHSR/install/shopmate_bot_description/share/shopmate_bot_description/urdf/materials.xacro
/home/alok/AHSR/install/shopmate_bot_description/share/shopmate_bot_description/urdf/bridge_config.yaml
/home/alok/AHSR/install/shopmate_bot_description/share/shopmate_bot_description/urdf/shopmate_bot.trans
/home/alok/AHSR/install/shopmate_bot_description/share/shopmate_bot_description/meshes/left_wheel_link_1.stl
/home/alok/AHSR/install/shopmate_bot_description/share/shopmate_bot_description/meshes/caster_front_1.stl
/home/alok/AHSR/install/shopmate_bot_description/share/shopmate_bot_description/meshes/caster_rear_1.stl
/home/alok/AHSR/install/shopmate_bot_description/share/shopmate_bot_description/meshes/base_link.stl
/home/alok/AHSR/install/shopmate_bot_description/share/shopmate_bot_description/meshes/lidar_link_1.stl
/home/alok/AHSR/install/shopmate_bot_description/share/shopmate_bot_description/meshes/right_wheel_link_1.stl
/home/alok/AHSR/install/shopmate_bot_description/share/shopmate_bot_description/config/shopmate_bot_controllers.yaml
/home/alok/AHSR/install/shopmate_bot_description/share/shopmate_bot_description/config/display.rviz
/home/alok/AHSR/install/shopmate_bot_description/share/shopmate_bot_description/worlds/hospital.sdf
/home/alok/AHSR/install/shopmate_bot_description/share/shopmate_bot_description/rviz/nav_view.rviz
/home/alok/AHSR/install/shopmate_bot_description/lib/python3.12/site-packages/shopmate_bot_description-0.0.0-py3.12.egg-info/top_level.txt
/home/alok/AHSR/install/shopmate_bot_description/lib/python3.12/site-packages/shopmate_bot_description-0.0.0-py3.12.egg-info/zip-safe
/home/alok/AHSR/install/shopmate_bot_description/lib/python3.12/site-packages/shopmate_bot_description-0.0.0-py3.12.egg-info/PKG-INFO
/home/alok/AHSR/install/shopmate_bot_description/lib/python3.12/site-packages/shopmate_bot_description-0.0.0-py3.12.egg-info/dependency_links.txt
/home/alok/AHSR/install/shopmate_bot_description/lib/python3.12/site-packages/shopmate_bot_description-0.0.0-py3.12.egg-info/SOURCES.txt
/home/alok/AHSR/install/shopmate_bot_description/lib/python3.12/site-packages/shopmate_bot_description-0.0.0-py3.12.egg-info/requires.txt
