[1.117s] Invoking command in '/home/alok/AHSR/build/wheel_odom_cpp': CMAKE_PREFIX_PATH=${CMAKE_PREFIX_PATH}:/home/alok/AHSR/install/shopmate_bot_navigation:/home/alok/AHSR/install/shopmate_bot_description:/home/alok/AHSR/install/shopmate_bot_bringup:/opt/ros/jazzy DEBUGINFOD_URLS=https://debuginfod.ubuntu.com /usr/bin/cmake --build /home/alok/AHSR/build/wheel_odom_cpp -- -j16 -l16
[1.232s] [100%] Built target wheel_odom_node
[1.255s] Invoked command in '/home/alok/AHSR/build/wheel_odom_cpp' returned '0': CMAKE_PREFIX_PATH=${CMAKE_PREFIX_PATH}:/home/alok/AHSR/install/shopmate_bot_navigation:/home/alok/AHSR/install/shopmate_bot_description:/home/alok/AHSR/install/shopmate_bot_bringup:/opt/ros/jazzy DEBUGINFOD_URLS=https://debuginfod.ubuntu.com /usr/bin/cmake --build /home/alok/AHSR/build/wheel_odom_cpp -- -j16 -l16
[1.257s] Invoking command in '/home/alok/AHSR/build/wheel_odom_cpp': CMAKE_PREFIX_PATH=${CMAKE_PREFIX_PATH}:/home/alok/AHSR/install/shopmate_bot_navigation:/home/alok/AHSR/install/shopmate_bot_description:/home/alok/AHSR/install/shopmate_bot_bringup:/opt/ros/jazzy DEBUGINFOD_URLS=https://debuginfod.ubuntu.com /usr/bin/cmake --install /home/alok/AHSR/build/wheel_odom_cpp
[1.272s] -- Install configuration: ""
[1.272s] -- Up-to-date: /home/alok/AHSR/install/wheel_odom_cpp/lib/wheel_odom_cpp/wheel_odom_node
[1.273s] -- Up-to-date: /home/alok/AHSR/install/wheel_odom_cpp/share/ament_index/resource_index/package_run_dependencies/wheel_odom_cpp
[1.273s] -- Up-to-date: /home/alok/AHSR/install/wheel_odom_cpp/share/ament_index/resource_index/parent_prefix_path/wheel_odom_cpp
[1.273s] -- Up-to-date: /home/alok/AHSR/install/wheel_odom_cpp/share/wheel_odom_cpp/environment/ament_prefix_path.sh
[1.273s] -- Up-to-date: /home/alok/AHSR/install/wheel_odom_cpp/share/wheel_odom_cpp/environment/ament_prefix_path.dsv
[1.273s] -- Up-to-date: /home/alok/AHSR/install/wheel_odom_cpp/share/wheel_odom_cpp/environment/path.sh
[1.273s] -- Up-to-date: /home/alok/AHSR/install/wheel_odom_cpp/share/wheel_odom_cpp/environment/path.dsv
[1.274s] -- Up-to-date: /home/alok/AHSR/install/wheel_odom_cpp/share/wheel_odom_cpp/local_setup.bash
[1.274s] -- Up-to-date: /home/alok/AHSR/install/wheel_odom_cpp/share/wheel_odom_cpp/local_setup.sh
[1.274s] -- Up-to-date: /home/alok/AHSR/install/wheel_odom_cpp/share/wheel_odom_cpp/local_setup.zsh
[1.274s] -- Up-to-date: /home/alok/AHSR/install/wheel_odom_cpp/share/wheel_odom_cpp/local_setup.dsv
[1.274s] -- Installing: /home/alok/AHSR/install/wheel_odom_cpp/share/wheel_odom_cpp/package.dsv
[1.274s] -- Up-to-date: /home/alok/AHSR/install/wheel_odom_cpp/share/ament_index/resource_index/packages/wheel_odom_cpp
[1.274s] -- Up-to-date: /home/alok/AHSR/install/wheel_odom_cpp/share/wheel_odom_cpp/cmake/wheel_odom_cppConfig.cmake
[1.274s] -- Up-to-date: /home/alok/AHSR/install/wheel_odom_cpp/share/wheel_odom_cpp/cmake/wheel_odom_cppConfig-version.cmake
[1.274s] -- Up-to-date: /home/alok/AHSR/install/wheel_odom_cpp/share/wheel_odom_cpp/package.xml
[1.278s] Invoked command in '/home/alok/AHSR/build/wheel_odom_cpp' returned '0': CMAKE_PREFIX_PATH=${CMAKE_PREFIX_PATH}:/home/alok/AHSR/install/shopmate_bot_navigation:/home/alok/AHSR/install/shopmate_bot_description:/home/alok/AHSR/install/shopmate_bot_bringup:/opt/ros/jazzy DEBUGINFOD_URLS=https://debuginfod.ubuntu.com /usr/bin/cmake --install /home/alok/AHSR/build/wheel_odom_cpp
