[0.172s] DEBUG:colcon:Command line arguments: ['/usr/bin/colcon', 'build']
[0.173s] DEBUG:colcon:Parsed command line arguments: Namespace(log_base=None, log_level=None, verb_name='build', build_base='build', install_base='install', merge_install=False, symlink_install=False, test_result_base=None, continue_on_error=False, executor='parallel', parallel_workers=16, event_handlers=None, ignore_user_meta=False, metas=['./colcon.meta'], base_paths=['.'], packages_ignore=None, packages_ignore_regex=None, paths=None, packages_up_to=None, packages_up_to_regex=None, packages_above=None, packages_above_and_dependencies=None, packages_above_depth=None, packages_select_by_dep=None, packages_skip_by_dep=None, packages_skip_up_to=None, packages_select_build_failed=False, packages_skip_build_finished=False, packages_select_test_failures=False, packages_skip_test_passed=False, packages_select=None, packages_skip=None, packages_select_regex=None, packages_skip_regex=None, packages_start=None, packages_end=None, allow_overriding=[], cmake_args=None, cmake_target=None, cmake_target_skip_unavailable=False, cmake_clean_cache=False, cmake_clean_first=False, cmake_force_configure=False, ament_cmake_args=None, catkin_cmake_args=None, catkin_skip_building_tests=False, mixin_files=None, mixin=None, verb_parser=<colcon_mixin.mixin.mixin_argument.MixinArgumentDecorator object at 0x78e457895400>, verb_extension=<colcon_core.verb.build.BuildVerb object at 0x78e457824860>, main=<bound method BuildVerb.main of <colcon_core.verb.build.BuildVerb object at 0x78e457824860>>, mixin_verb=('build',))
[0.235s] Level 1:colcon.colcon_core.package_discovery:discover_packages(colcon_meta) check parameters
[0.235s] Level 1:colcon.colcon_core.package_discovery:discover_packages(recursive) check parameters
[0.236s] Level 1:colcon.colcon_core.package_discovery:discover_packages(ignore) check parameters
[0.236s] Level 1:colcon.colcon_core.package_discovery:discover_packages(path) check parameters
[0.236s] Level 1:colcon.colcon_core.package_discovery:discover_packages(colcon_meta) discover
[0.236s] Level 1:colcon.colcon_core.package_discovery:discover_packages(recursive) discover
[0.236s] INFO:colcon.colcon_core.package_discovery:Crawling recursively for packages in '/home/alok/AHSR'
[0.236s] Level 1:colcon.colcon_core.package_identification:_identify(.) by extensions ['ignore', 'ignore_ament_install']
[0.236s] Level 1:colcon.colcon_core.package_identification:_identify(.) by extension 'ignore'
[0.236s] Level 1:colcon.colcon_core.package_identification:_identify(.) by extension 'ignore_ament_install'
[0.236s] Level 1:colcon.colcon_core.package_identification:_identify(.) by extensions ['colcon_pkg']
[0.236s] Level 1:colcon.colcon_core.package_identification:_identify(.) by extension 'colcon_pkg'
[0.236s] Level 1:colcon.colcon_core.package_identification:_identify(.) by extensions ['colcon_meta']
[0.237s] Level 1:colcon.colcon_core.package_identification:_identify(.) by extension 'colcon_meta'
[0.237s] Level 1:colcon.colcon_core.package_identification:_identify(.) by extensions ['ros']
[0.237s] Level 1:colcon.colcon_core.package_identification:_identify(.) by extension 'ros'
[0.275s] Level 1:colcon.colcon_core.package_identification:_identify(.) by extensions ['cmake', 'python']
[0.275s] Level 1:colcon.colcon_core.package_identification:_identify(.) by extension 'cmake'
[0.275s] Level 1:colcon.colcon_core.package_identification:_identify(.) by extension 'python'
[0.275s] Level 1:colcon.colcon_core.package_identification:_identify(.) by extensions ['python_setup_py']
[0.275s] Level 1:colcon.colcon_core.package_identification:_identify(.) by extension 'python_setup_py'
[0.275s] Level 1:colcon.colcon_core.package_identification:_identify(Electronic_firmware) by extensions ['ignore', 'ignore_ament_install']
[0.276s] Level 1:colcon.colcon_core.package_identification:_identify(Electronic_firmware) by extension 'ignore'
[0.276s] Level 1:colcon.colcon_core.package_identification:_identify(Electronic_firmware) by extension 'ignore_ament_install'
[0.276s] Level 1:colcon.colcon_core.package_identification:_identify(Electronic_firmware) by extensions ['colcon_pkg']
[0.276s] Level 1:colcon.colcon_core.package_identification:_identify(Electronic_firmware) by extension 'colcon_pkg'
[0.276s] Level 1:colcon.colcon_core.package_identification:_identify(Electronic_firmware) by extensions ['colcon_meta']
[0.276s] Level 1:colcon.colcon_core.package_identification:_identify(Electronic_firmware) by extension 'colcon_meta'
[0.276s] Level 1:colcon.colcon_core.package_identification:_identify(Electronic_firmware) by extensions ['ros']
[0.276s] Level 1:colcon.colcon_core.package_identification:_identify(Electronic_firmware) by extension 'ros'
[0.276s] Level 1:colcon.colcon_core.package_identification:_identify(Electronic_firmware) by extensions ['cmake', 'python']
[0.276s] Level 1:colcon.colcon_core.package_identification:_identify(Electronic_firmware) by extension 'cmake'
[0.276s] Level 1:colcon.colcon_core.package_identification:_identify(Electronic_firmware) by extension 'python'
[0.276s] Level 1:colcon.colcon_core.package_identification:_identify(Electronic_firmware) by extensions ['python_setup_py']
[0.277s] Level 1:colcon.colcon_core.package_identification:_identify(Electronic_firmware) by extension 'python_setup_py'
[0.277s] Level 1:colcon.colcon_core.package_identification:_identify(build) by extensions ['ignore', 'ignore_ament_install']
[0.277s] Level 1:colcon.colcon_core.package_identification:_identify(build) by extension 'ignore'
[0.277s] Level 1:colcon.colcon_core.package_identification:_identify(build) ignored
[0.277s] Level 1:colcon.colcon_core.package_identification:_identify(install) by extensions ['ignore', 'ignore_ament_install']
[0.277s] Level 1:colcon.colcon_core.package_identification:_identify(install) by extension 'ignore'
[0.277s] Level 1:colcon.colcon_core.package_identification:_identify(install) ignored
[0.277s] Level 1:colcon.colcon_core.package_identification:_identify(log) by extensions ['ignore', 'ignore_ament_install']
[0.278s] Level 1:colcon.colcon_core.package_identification:_identify(log) by extension 'ignore'
[0.278s] Level 1:colcon.colcon_core.package_identification:_identify(log) ignored
[0.278s] Level 1:colcon.colcon_core.package_identification:_identify(rplidar_ros) by extensions ['ignore', 'ignore_ament_install']
[0.278s] Level 1:colcon.colcon_core.package_identification:_identify(rplidar_ros) by extension 'ignore'
[0.278s] Level 1:colcon.colcon_core.package_identification:_identify(rplidar_ros) by extension 'ignore_ament_install'
[0.278s] Level 1:colcon.colcon_core.package_identification:_identify(rplidar_ros) by extensions ['colcon_pkg']
[0.278s] Level 1:colcon.colcon_core.package_identification:_identify(rplidar_ros) by extension 'colcon_pkg'
[0.278s] Level 1:colcon.colcon_core.package_identification:_identify(rplidar_ros) by extensions ['colcon_meta']
[0.278s] Level 1:colcon.colcon_core.package_identification:_identify(rplidar_ros) by extension 'colcon_meta'
[0.278s] Level 1:colcon.colcon_core.package_identification:_identify(rplidar_ros) by extensions ['ros']
[0.278s] Level 1:colcon.colcon_core.package_identification:_identify(rplidar_ros) by extension 'ros'
[0.282s] DEBUG:colcon.colcon_core.package_identification:Package 'rplidar_ros' with type 'ros.ament_cmake' and name 'rplidar_ros'
[0.282s] Level 1:colcon.colcon_core.package_identification:_identify(shopmate_bot) by extensions ['ignore', 'ignore_ament_install']
[0.282s] Level 1:colcon.colcon_core.package_identification:_identify(shopmate_bot) by extension 'ignore'
[0.282s] Level 1:colcon.colcon_core.package_identification:_identify(shopmate_bot) by extension 'ignore_ament_install'
[0.283s] Level 1:colcon.colcon_core.package_identification:_identify(shopmate_bot) by extensions ['colcon_pkg']
[0.283s] Level 1:colcon.colcon_core.package_identification:_identify(shopmate_bot) by extension 'colcon_pkg'
[0.283s] Level 1:colcon.colcon_core.package_identification:_identify(shopmate_bot) by extensions ['colcon_meta']
[0.283s] Level 1:colcon.colcon_core.package_identification:_identify(shopmate_bot) by extension 'colcon_meta'
[0.283s] Level 1:colcon.colcon_core.package_identification:_identify(shopmate_bot) by extensions ['ros']
[0.283s] Level 1:colcon.colcon_core.package_identification:_identify(shopmate_bot) by extension 'ros'
[0.283s] Level 1:colcon.colcon_core.package_identification:_identify(shopmate_bot) by extensions ['cmake', 'python']
[0.283s] Level 1:colcon.colcon_core.package_identification:_identify(shopmate_bot) by extension 'cmake'
[0.283s] Level 1:colcon.colcon_core.package_identification:_identify(shopmate_bot) by extension 'python'
[0.283s] Level 1:colcon.colcon_core.package_identification:_identify(shopmate_bot) by extensions ['python_setup_py']
[0.283s] Level 1:colcon.colcon_core.package_identification:_identify(shopmate_bot) by extension 'python_setup_py'
[0.283s] Level 1:colcon.colcon_core.package_identification:_identify(shopmate_bot/shopmate_bot_description) by extensions ['ignore', 'ignore_ament_install']
[0.284s] Level 1:colcon.colcon_core.package_identification:_identify(shopmate_bot/shopmate_bot_description) by extension 'ignore'
[0.284s] Level 1:colcon.colcon_core.package_identification:_identify(shopmate_bot/shopmate_bot_description) by extension 'ignore_ament_install'
[0.284s] Level 1:colcon.colcon_core.package_identification:_identify(shopmate_bot/shopmate_bot_description) by extensions ['colcon_pkg']
[0.284s] Level 1:colcon.colcon_core.package_identification:_identify(shopmate_bot/shopmate_bot_description) by extension 'colcon_pkg'
[0.284s] Level 1:colcon.colcon_core.package_identification:_identify(shopmate_bot/shopmate_bot_description) by extensions ['colcon_meta']
[0.284s] Level 1:colcon.colcon_core.package_identification:_identify(shopmate_bot/shopmate_bot_description) by extension 'colcon_meta'
[0.284s] Level 1:colcon.colcon_core.package_identification:_identify(shopmate_bot/shopmate_bot_description) by extensions ['ros']
[0.284s] Level 1:colcon.colcon_core.package_identification:_identify(shopmate_bot/shopmate_bot_description) by extension 'ros'
[0.285s] DEBUG:colcon.colcon_core.package_identification:Package 'shopmate_bot/shopmate_bot_description' with type 'ros.ament_python' and name 'shopmate_bot_description'
[0.285s] Level 1:colcon.colcon_core.package_identification:_identify(shopmate_bot/shopmate_bot_navigation) by extensions ['ignore', 'ignore_ament_install']
[0.286s] Level 1:colcon.colcon_core.package_identification:_identify(shopmate_bot/shopmate_bot_navigation) by extension 'ignore'
[0.286s] Level 1:colcon.colcon_core.package_identification:_identify(shopmate_bot/shopmate_bot_navigation) by extension 'ignore_ament_install'
[0.286s] Level 1:colcon.colcon_core.package_identification:_identify(shopmate_bot/shopmate_bot_navigation) by extensions ['colcon_pkg']
[0.286s] Level 1:colcon.colcon_core.package_identification:_identify(shopmate_bot/shopmate_bot_navigation) by extension 'colcon_pkg'
[0.286s] Level 1:colcon.colcon_core.package_identification:_identify(shopmate_bot/shopmate_bot_navigation) by extensions ['colcon_meta']
[0.286s] Level 1:colcon.colcon_core.package_identification:_identify(shopmate_bot/shopmate_bot_navigation) by extension 'colcon_meta'
[0.286s] Level 1:colcon.colcon_core.package_identification:_identify(shopmate_bot/shopmate_bot_navigation) by extensions ['ros']
[0.286s] Level 1:colcon.colcon_core.package_identification:_identify(shopmate_bot/shopmate_bot_navigation) by extension 'ros'
[0.287s] DEBUG:colcon.colcon_core.package_identification:Package 'shopmate_bot/shopmate_bot_navigation' with type 'ros.ament_python' and name 'shopmate_bot_navigation'
[0.287s] Level 1:colcon.colcon_core.package_identification:_identify(shopmate_bot_bringup) by extensions ['ignore', 'ignore_ament_install']
[0.287s] Level 1:colcon.colcon_core.package_identification:_identify(shopmate_bot_bringup) by extension 'ignore'
[0.287s] Level 1:colcon.colcon_core.package_identification:_identify(shopmate_bot_bringup) by extension 'ignore_ament_install'
[0.287s] Level 1:colcon.colcon_core.package_identification:_identify(shopmate_bot_bringup) by extensions ['colcon_pkg']
[0.287s] Level 1:colcon.colcon_core.package_identification:_identify(shopmate_bot_bringup) by extension 'colcon_pkg'
[0.288s] Level 1:colcon.colcon_core.package_identification:_identify(shopmate_bot_bringup) by extensions ['colcon_meta']
[0.288s] Level 1:colcon.colcon_core.package_identification:_identify(shopmate_bot_bringup) by extension 'colcon_meta'
[0.288s] Level 1:colcon.colcon_core.package_identification:_identify(shopmate_bot_bringup) by extensions ['ros']
[0.288s] Level 1:colcon.colcon_core.package_identification:_identify(shopmate_bot_bringup) by extension 'ros'
[0.288s] DEBUG:colcon.colcon_core.package_identification:Package 'shopmate_bot_bringup' with type 'ros.ament_python' and name 'shopmate_bot_bringup'
[0.289s] Level 1:colcon.colcon_core.package_identification:_identify(wheel_odom_cpp) by extensions ['ignore', 'ignore_ament_install']
[0.289s] Level 1:colcon.colcon_core.package_identification:_identify(wheel_odom_cpp) by extension 'ignore'
[0.289s] Level 1:colcon.colcon_core.package_identification:_identify(wheel_odom_cpp) by extension 'ignore_ament_install'
[0.289s] Level 1:colcon.colcon_core.package_identification:_identify(wheel_odom_cpp) by extensions ['colcon_pkg']
[0.289s] Level 1:colcon.colcon_core.package_identification:_identify(wheel_odom_cpp) by extension 'colcon_pkg'
[0.289s] Level 1:colcon.colcon_core.package_identification:_identify(wheel_odom_cpp) by extensions ['colcon_meta']
[0.289s] Level 1:colcon.colcon_core.package_identification:_identify(wheel_odom_cpp) by extension 'colcon_meta'
[0.289s] Level 1:colcon.colcon_core.package_identification:_identify(wheel_odom_cpp) by extensions ['ros']
[0.289s] Level 1:colcon.colcon_core.package_identification:_identify(wheel_odom_cpp) by extension 'ros'
[0.290s] DEBUG:colcon.colcon_core.package_identification:Package 'wheel_odom_cpp' with type 'ros.ament_cmake' and name 'wheel_odom_cpp'
[0.290s] Level 1:colcon.colcon_core.package_discovery:discover_packages(recursive) using defaults
[0.290s] Level 1:colcon.colcon_core.package_discovery:discover_packages(ignore) discover
[0.290s] Level 1:colcon.colcon_core.package_discovery:discover_packages(ignore) using defaults
[0.290s] Level 1:colcon.colcon_core.package_discovery:discover_packages(path) discover
[0.290s] Level 1:colcon.colcon_core.package_discovery:discover_packages(path) using defaults
[0.318s] Level 1:colcon.colcon_core.package_discovery:discover_packages(prefix_path) check parameters
[0.318s] Level 1:colcon.colcon_core.package_discovery:discover_packages(prefix_path) discover
[0.321s] DEBUG:colcon.colcon_installed_package_information.package_discovery:Found 5 installed packages in /home/alok/AHSR/install
[0.324s] DEBUG:colcon.colcon_installed_package_information.package_discovery:Found 339 installed packages in /opt/ros/jazzy
[0.326s] Level 1:colcon.colcon_core.package_discovery:discover_packages(prefix_path) using defaults
[0.399s] Level 5:colcon.colcon_core.verb:set package 'rplidar_ros' build argument 'cmake_args' from command line to 'None'
[0.399s] Level 5:colcon.colcon_core.verb:set package 'rplidar_ros' build argument 'cmake_target' from command line to 'None'
[0.399s] Level 5:colcon.colcon_core.verb:set package 'rplidar_ros' build argument 'cmake_target_skip_unavailable' from command line to 'False'
[0.399s] Level 5:colcon.colcon_core.verb:set package 'rplidar_ros' build argument 'cmake_clean_cache' from command line to 'False'
[0.400s] Level 5:colcon.colcon_core.verb:set package 'rplidar_ros' build argument 'cmake_clean_first' from command line to 'False'
[0.400s] Level 5:colcon.colcon_core.verb:set package 'rplidar_ros' build argument 'cmake_force_configure' from command line to 'False'
[0.400s] Level 5:colcon.colcon_core.verb:set package 'rplidar_ros' build argument 'ament_cmake_args' from command line to 'None'
[0.400s] Level 5:colcon.colcon_core.verb:set package 'rplidar_ros' build argument 'catkin_cmake_args' from command line to 'None'
[0.400s] Level 5:colcon.colcon_core.verb:set package 'rplidar_ros' build argument 'catkin_skip_building_tests' from command line to 'False'
[0.400s] DEBUG:colcon.colcon_core.verb:Building package 'rplidar_ros' with the following arguments: {'ament_cmake_args': None, 'build_base': '/home/alok/AHSR/build/rplidar_ros', 'catkin_cmake_args': None, 'catkin_skip_building_tests': False, 'cmake_args': None, 'cmake_clean_cache': False, 'cmake_clean_first': False, 'cmake_force_configure': False, 'cmake_target': None, 'cmake_target_skip_unavailable': False, 'install_base': '/home/alok/AHSR/install/rplidar_ros', 'merge_install': False, 'path': '/home/alok/AHSR/rplidar_ros', 'symlink_install': False, 'test_result_base': None}
[0.400s] Level 5:colcon.colcon_core.verb:set package 'shopmate_bot_bringup' build argument 'cmake_args' from command line to 'None'
[0.400s] Level 5:colcon.colcon_core.verb:set package 'shopmate_bot_bringup' build argument 'cmake_target' from command line to 'None'
[0.400s] Level 5:colcon.colcon_core.verb:set package 'shopmate_bot_bringup' build argument 'cmake_target_skip_unavailable' from command line to 'False'
[0.400s] Level 5:colcon.colcon_core.verb:set package 'shopmate_bot_bringup' build argument 'cmake_clean_cache' from command line to 'False'
[0.400s] Level 5:colcon.colcon_core.verb:set package 'shopmate_bot_bringup' build argument 'cmake_clean_first' from command line to 'False'
[0.400s] Level 5:colcon.colcon_core.verb:set package 'shopmate_bot_bringup' build argument 'cmake_force_configure' from command line to 'False'
[0.400s] Level 5:colcon.colcon_core.verb:set package 'shopmate_bot_bringup' build argument 'ament_cmake_args' from command line to 'None'
[0.400s] Level 5:colcon.colcon_core.verb:set package 'shopmate_bot_bringup' build argument 'catkin_cmake_args' from command line to 'None'
[0.400s] Level 5:colcon.colcon_core.verb:set package 'shopmate_bot_bringup' build argument 'catkin_skip_building_tests' from command line to 'False'
[0.400s] DEBUG:colcon.colcon_core.verb:Building package 'shopmate_bot_bringup' with the following arguments: {'ament_cmake_args': None, 'build_base': '/home/alok/AHSR/build/shopmate_bot_bringup', 'catkin_cmake_args': None, 'catkin_skip_building_tests': False, 'cmake_args': None, 'cmake_clean_cache': False, 'cmake_clean_first': False, 'cmake_force_configure': False, 'cmake_target': None, 'cmake_target_skip_unavailable': False, 'install_base': '/home/alok/AHSR/install/shopmate_bot_bringup', 'merge_install': False, 'path': '/home/alok/AHSR/shopmate_bot_bringup', 'symlink_install': False, 'test_result_base': None}
[0.401s] Level 5:colcon.colcon_core.verb:set package 'shopmate_bot_description' build argument 'cmake_args' from command line to 'None'
[0.401s] Level 5:colcon.colcon_core.verb:set package 'shopmate_bot_description' build argument 'cmake_target' from command line to 'None'
[0.401s] Level 5:colcon.colcon_core.verb:set package 'shopmate_bot_description' build argument 'cmake_target_skip_unavailable' from command line to 'False'
[0.401s] Level 5:colcon.colcon_core.verb:set package 'shopmate_bot_description' build argument 'cmake_clean_cache' from command line to 'False'
[0.401s] Level 5:colcon.colcon_core.verb:set package 'shopmate_bot_description' build argument 'cmake_clean_first' from command line to 'False'
[0.401s] Level 5:colcon.colcon_core.verb:set package 'shopmate_bot_description' build argument 'cmake_force_configure' from command line to 'False'
[0.401s] Level 5:colcon.colcon_core.verb:set package 'shopmate_bot_description' build argument 'ament_cmake_args' from command line to 'None'
[0.401s] Level 5:colcon.colcon_core.verb:set package 'shopmate_bot_description' build argument 'catkin_cmake_args' from command line to 'None'
[0.401s] Level 5:colcon.colcon_core.verb:set package 'shopmate_bot_description' build argument 'catkin_skip_building_tests' from command line to 'False'
[0.401s] DEBUG:colcon.colcon_core.verb:Building package 'shopmate_bot_description' with the following arguments: {'ament_cmake_args': None, 'build_base': '/home/alok/AHSR/build/shopmate_bot_description', 'catkin_cmake_args': None, 'catkin_skip_building_tests': False, 'cmake_args': None, 'cmake_clean_cache': False, 'cmake_clean_first': False, 'cmake_force_configure': False, 'cmake_target': None, 'cmake_target_skip_unavailable': False, 'install_base': '/home/alok/AHSR/install/shopmate_bot_description', 'merge_install': False, 'path': '/home/alok/AHSR/shopmate_bot/shopmate_bot_description', 'symlink_install': False, 'test_result_base': None}
[0.402s] Level 5:colcon.colcon_core.verb:set package 'shopmate_bot_navigation' build argument 'cmake_args' from command line to 'None'
[0.402s] Level 5:colcon.colcon_core.verb:set package 'shopmate_bot_navigation' build argument 'cmake_target' from command line to 'None'
[0.402s] Level 5:colcon.colcon_core.verb:set package 'shopmate_bot_navigation' build argument 'cmake_target_skip_unavailable' from command line to 'False'
[0.402s] Level 5:colcon.colcon_core.verb:set package 'shopmate_bot_navigation' build argument 'cmake_clean_cache' from command line to 'False'
[0.402s] Level 5:colcon.colcon_core.verb:set package 'shopmate_bot_navigation' build argument 'cmake_clean_first' from command line to 'False'
[0.402s] Level 5:colcon.colcon_core.verb:set package 'shopmate_bot_navigation' build argument 'cmake_force_configure' from command line to 'False'
[0.402s] Level 5:colcon.colcon_core.verb:set package 'shopmate_bot_navigation' build argument 'ament_cmake_args' from command line to 'None'
[0.402s] Level 5:colcon.colcon_core.verb:set package 'shopmate_bot_navigation' build argument 'catkin_cmake_args' from command line to 'None'
[0.402s] Level 5:colcon.colcon_core.verb:set package 'shopmate_bot_navigation' build argument 'catkin_skip_building_tests' from command line to 'False'
[0.402s] DEBUG:colcon.colcon_core.verb:Building package 'shopmate_bot_navigation' with the following arguments: {'ament_cmake_args': None, 'build_base': '/home/alok/AHSR/build/shopmate_bot_navigation', 'catkin_cmake_args': None, 'catkin_skip_building_tests': False, 'cmake_args': None, 'cmake_clean_cache': False, 'cmake_clean_first': False, 'cmake_force_configure': False, 'cmake_target': None, 'cmake_target_skip_unavailable': False, 'install_base': '/home/alok/AHSR/install/shopmate_bot_navigation', 'merge_install': False, 'path': '/home/alok/AHSR/shopmate_bot/shopmate_bot_navigation', 'symlink_install': False, 'test_result_base': None}
[0.402s] Level 5:colcon.colcon_core.verb:set package 'wheel_odom_cpp' build argument 'cmake_args' from command line to 'None'
[0.402s] Level 5:colcon.colcon_core.verb:set package 'wheel_odom_cpp' build argument 'cmake_target' from command line to 'None'
[0.402s] Level 5:colcon.colcon_core.verb:set package 'wheel_odom_cpp' build argument 'cmake_target_skip_unavailable' from command line to 'False'
[0.402s] Level 5:colcon.colcon_core.verb:set package 'wheel_odom_cpp' build argument 'cmake_clean_cache' from command line to 'False'
[0.402s] Level 5:colcon.colcon_core.verb:set package 'wheel_odom_cpp' build argument 'cmake_clean_first' from command line to 'False'
[0.402s] Level 5:colcon.colcon_core.verb:set package 'wheel_odom_cpp' build argument 'cmake_force_configure' from command line to 'False'
[0.403s] Level 5:colcon.colcon_core.verb:set package 'wheel_odom_cpp' build argument 'ament_cmake_args' from command line to 'None'
[0.403s] Level 5:colcon.colcon_core.verb:set package 'wheel_odom_cpp' build argument 'catkin_cmake_args' from command line to 'None'
[0.403s] Level 5:colcon.colcon_core.verb:set package 'wheel_odom_cpp' build argument 'catkin_skip_building_tests' from command line to 'False'
[0.403s] DEBUG:colcon.colcon_core.verb:Building package 'wheel_odom_cpp' with the following arguments: {'ament_cmake_args': None, 'build_base': '/home/alok/AHSR/build/wheel_odom_cpp', 'catkin_cmake_args': None, 'catkin_skip_building_tests': False, 'cmake_args': None, 'cmake_clean_cache': False, 'cmake_clean_first': False, 'cmake_force_configure': False, 'cmake_target': None, 'cmake_target_skip_unavailable': False, 'install_base': '/home/alok/AHSR/install/wheel_odom_cpp', 'merge_install': False, 'path': '/home/alok/AHSR/wheel_odom_cpp', 'symlink_install': False, 'test_result_base': None}
[0.403s] INFO:colcon.colcon_core.executor:Executing jobs using 'parallel' executor
[0.404s] DEBUG:colcon.colcon_parallel_executor.executor.parallel:run_until_complete
[0.404s] INFO:colcon.colcon_ros.task.ament_cmake.build:Building ROS package in '/home/alok/AHSR/rplidar_ros' with build type 'ament_cmake'
[0.405s] INFO:colcon.colcon_cmake.task.cmake.build:Building CMake package in '/home/alok/AHSR/rplidar_ros'
[0.412s] INFO:colcon.colcon_core.plugin_system:Skipping extension 'colcon_core.shell.bat': Not used on non-Windows systems
[0.413s] INFO:colcon.colcon_core.shell:Skip shell extension 'powershell' for command environment: Not usable outside of PowerShell
[0.413s] DEBUG:colcon.colcon_core.shell:Skip shell extension 'dsv' for command environment
[0.420s] INFO:colcon.colcon_ros.task.ament_python.build:Building ROS package in '/home/alok/AHSR/shopmate_bot_bringup' with build type 'ament_python'
[0.420s] Level 1:colcon.colcon_core.shell:create_environment_hook('shopmate_bot_bringup', 'ament_prefix_path')
[0.421s] INFO:colcon.colcon_core.shell:Creating environment hook '/home/alok/AHSR/install/shopmate_bot_bringup/share/shopmate_bot_bringup/hook/ament_prefix_path.ps1'
[0.422s] INFO:colcon.colcon_core.shell:Creating environment descriptor '/home/alok/AHSR/install/shopmate_bot_bringup/share/shopmate_bot_bringup/hook/ament_prefix_path.dsv'
[0.423s] INFO:colcon.colcon_core.shell:Creating environment hook '/home/alok/AHSR/install/shopmate_bot_bringup/share/shopmate_bot_bringup/hook/ament_prefix_path.sh'
[0.423s] INFO:colcon.colcon_core.shell:Skip shell extension 'powershell' for command environment: Not usable outside of PowerShell
[0.424s] DEBUG:colcon.colcon_core.shell:Skip shell extension 'dsv' for command environment
[0.429s] INFO:colcon.colcon_ros.task.ament_python.build:Building ROS package in '/home/alok/AHSR/shopmate_bot/shopmate_bot_description' with build type 'ament_python'
[0.430s] Level 1:colcon.colcon_core.shell:create_environment_hook('shopmate_bot_description', 'ament_prefix_path')
[0.430s] INFO:colcon.colcon_core.shell:Creating environment hook '/home/alok/AHSR/install/shopmate_bot_description/share/shopmate_bot_description/hook/ament_prefix_path.ps1'
[0.431s] INFO:colcon.colcon_core.shell:Creating environment descriptor '/home/alok/AHSR/install/shopmate_bot_description/share/shopmate_bot_description/hook/ament_prefix_path.dsv'
[0.431s] INFO:colcon.colcon_core.shell:Creating environment hook '/home/alok/AHSR/install/shopmate_bot_description/share/shopmate_bot_description/hook/ament_prefix_path.sh'
[0.432s] INFO:colcon.colcon_core.shell:Skip shell extension 'powershell' for command environment: Not usable outside of PowerShell
[0.432s] DEBUG:colcon.colcon_core.shell:Skip shell extension 'dsv' for command environment
[0.438s] INFO:colcon.colcon_ros.task.ament_python.build:Building ROS package in '/home/alok/AHSR/shopmate_bot/shopmate_bot_navigation' with build type 'ament_python'
[0.438s] Level 1:colcon.colcon_core.shell:create_environment_hook('shopmate_bot_navigation', 'ament_prefix_path')
[0.438s] INFO:colcon.colcon_core.shell:Creating environment hook '/home/alok/AHSR/install/shopmate_bot_navigation/share/shopmate_bot_navigation/hook/ament_prefix_path.ps1'
[0.439s] INFO:colcon.colcon_core.shell:Creating environment descriptor '/home/alok/AHSR/install/shopmate_bot_navigation/share/shopmate_bot_navigation/hook/ament_prefix_path.dsv'
[0.440s] INFO:colcon.colcon_core.shell:Creating environment hook '/home/alok/AHSR/install/shopmate_bot_navigation/share/shopmate_bot_navigation/hook/ament_prefix_path.sh'
[0.441s] INFO:colcon.colcon_core.shell:Skip shell extension 'powershell' for command environment: Not usable outside of PowerShell
[0.441s] DEBUG:colcon.colcon_core.shell:Skip shell extension 'dsv' for command environment
[0.446s] INFO:colcon.colcon_ros.task.ament_cmake.build:Building ROS package in '/home/alok/AHSR/wheel_odom_cpp' with build type 'ament_cmake'
[0.446s] INFO:colcon.colcon_cmake.task.cmake.build:Building CMake package in '/home/alok/AHSR/wheel_odom_cpp'
[0.447s] INFO:colcon.colcon_core.shell:Skip shell extension 'powershell' for command environment: Not usable outside of PowerShell
[0.447s] DEBUG:colcon.colcon_core.shell:Skip shell extension 'dsv' for command environment
[0.461s] DEBUG:colcon.colcon_core.event_handler.log_command:Invoking command in '/home/alok/AHSR/build/rplidar_ros': CMAKE_PREFIX_PATH=${CMAKE_PREFIX_PATH}:/home/alok/AHSR/install/shopmate_bot_navigation:/home/alok/AHSR/install/shopmate_bot_description:/home/alok/AHSR/install/shopmate_bot_bringup:/opt/ros/jazzy DEBUGINFOD_URLS=https://debuginfod.ubuntu.com /usr/bin/cmake --build /home/alok/AHSR/build/rplidar_ros -- -j16 -l16
[0.831s] INFO:colcon.colcon_core.task.python.build:Building Python package in '/home/alok/AHSR/shopmate_bot_bringup'
[0.831s] INFO:colcon.colcon_core.shell:Skip shell extension 'powershell' for command environment: Not usable outside of PowerShell
[0.831s] DEBUG:colcon.colcon_core.shell:Skip shell extension 'dsv' for command environment
[1.185s] INFO:colcon.colcon_core.task.python.build:Building Python package in '/home/alok/AHSR/shopmate_bot/shopmate_bot_description'
[1.186s] INFO:colcon.colcon_core.shell:Skip shell extension 'powershell' for command environment: Not usable outside of PowerShell
[1.186s] DEBUG:colcon.colcon_core.shell:Skip shell extension 'dsv' for command environment
[1.530s] INFO:colcon.colcon_core.task.python.build:Building Python package in '/home/alok/AHSR/shopmate_bot/shopmate_bot_navigation'
[1.530s] INFO:colcon.colcon_core.shell:Skip shell extension 'powershell' for command environment: Not usable outside of PowerShell
[1.530s] DEBUG:colcon.colcon_core.shell:Skip shell extension 'dsv' for command environment
[1.541s] DEBUG:colcon.colcon_core.event_handler.log_command:Invoked command in '/home/alok/AHSR/build/rplidar_ros' returned '0': CMAKE_PREFIX_PATH=${CMAKE_PREFIX_PATH}:/home/alok/AHSR/install/shopmate_bot_navigation:/home/alok/AHSR/install/shopmate_bot_description:/home/alok/AHSR/install/shopmate_bot_bringup:/opt/ros/jazzy DEBUGINFOD_URLS=https://debuginfod.ubuntu.com /usr/bin/cmake --build /home/alok/AHSR/build/rplidar_ros -- -j16 -l16
[1.559s] DEBUG:colcon.colcon_core.event_handler.log_command:Invoking command in '/home/alok/AHSR/build/rplidar_ros': CMAKE_PREFIX_PATH=${CMAKE_PREFIX_PATH}:/home/alok/AHSR/install/shopmate_bot_navigation:/home/alok/AHSR/install/shopmate_bot_description:/home/alok/AHSR/install/shopmate_bot_bringup:/opt/ros/jazzy DEBUGINFOD_URLS=https://debuginfod.ubuntu.com /usr/bin/cmake --install /home/alok/AHSR/build/rplidar_ros
[1.564s] DEBUG:colcon.colcon_core.event_handler.log_command:Invoking command in '/home/alok/AHSR/build/wheel_odom_cpp': CMAKE_PREFIX_PATH=${CMAKE_PREFIX_PATH}:/home/alok/AHSR/install/shopmate_bot_navigation:/home/alok/AHSR/install/shopmate_bot_description:/home/alok/AHSR/install/shopmate_bot_bringup:/opt/ros/jazzy DEBUGINFOD_URLS=https://debuginfod.ubuntu.com /usr/bin/cmake --build /home/alok/AHSR/build/wheel_odom_cpp -- -j16 -l16
[1.580s] Level 1:colcon.colcon_core.environment:create_environment_scripts_only(rplidar_ros)
[1.581s] DEBUG:colcon.colcon_core.event_handler.log_command:Invoked command in '/home/alok/AHSR/build/rplidar_ros' returned '0': CMAKE_PREFIX_PATH=${CMAKE_PREFIX_PATH}:/home/alok/AHSR/install/shopmate_bot_navigation:/home/alok/AHSR/install/shopmate_bot_description:/home/alok/AHSR/install/shopmate_bot_bringup:/opt/ros/jazzy DEBUGINFOD_URLS=https://debuginfod.ubuntu.com /usr/bin/cmake --install /home/alok/AHSR/build/rplidar_ros
[1.584s] Level 1:colcon.colcon_core.environment:checking '/home/alok/AHSR/install/rplidar_ros' for CMake module files
[1.585s] Level 1:colcon.colcon_core.environment:checking '/home/alok/AHSR/install/rplidar_ros' for CMake config files
[1.586s] Level 1:colcon.colcon_core.shell:create_environment_hook('rplidar_ros', 'cmake_prefix_path')
[1.586s] INFO:colcon.colcon_core.shell:Creating environment hook '/home/alok/AHSR/install/rplidar_ros/share/rplidar_ros/hook/cmake_prefix_path.ps1'
[1.587s] INFO:colcon.colcon_core.shell:Creating environment descriptor '/home/alok/AHSR/install/rplidar_ros/share/rplidar_ros/hook/cmake_prefix_path.dsv'
[1.587s] INFO:colcon.colcon_core.shell:Creating environment hook '/home/alok/AHSR/install/rplidar_ros/share/rplidar_ros/hook/cmake_prefix_path.sh'
[1.588s] Level 1:colcon.colcon_core.environment:checking '/home/alok/AHSR/install/rplidar_ros/lib'
[1.589s] Level 1:colcon.colcon_core.environment:checking '/home/alok/AHSR/install/rplidar_ros/bin'
[1.589s] Level 1:colcon.colcon_core.environment:checking '/home/alok/AHSR/install/rplidar_ros/lib/pkgconfig/rplidar_ros.pc'
[1.589s] Level 1:colcon.colcon_core.environment:checking '/home/alok/AHSR/install/rplidar_ros/lib/python3.12/site-packages'
[1.589s] Level 1:colcon.colcon_core.environment:checking '/home/alok/AHSR/install/rplidar_ros/bin'
[1.590s] INFO:colcon.colcon_core.shell:Creating package script '/home/alok/AHSR/install/rplidar_ros/share/rplidar_ros/package.ps1'
[1.591s] INFO:colcon.colcon_core.shell:Creating package descriptor '/home/alok/AHSR/install/rplidar_ros/share/rplidar_ros/package.dsv'
[1.591s] INFO:colcon.colcon_core.shell:Creating package script '/home/alok/AHSR/install/rplidar_ros/share/rplidar_ros/package.sh'
[1.592s] INFO:colcon.colcon_core.shell:Creating package script '/home/alok/AHSR/install/rplidar_ros/share/rplidar_ros/package.bash'
[1.593s] INFO:colcon.colcon_core.shell:Creating package script '/home/alok/AHSR/install/rplidar_ros/share/rplidar_ros/package.zsh'
[1.594s] Level 1:colcon.colcon_core.environment:create_file_with_runtime_dependencies(/home/alok/AHSR/install/rplidar_ros/share/colcon-core/packages/rplidar_ros)
[1.595s] Level 1:colcon.colcon_core.environment:create_environment_scripts_only(rplidar_ros)
[1.595s] Level 1:colcon.colcon_core.environment:checking '/home/alok/AHSR/install/rplidar_ros' for CMake module files
[1.596s] Level 1:colcon.colcon_core.environment:checking '/home/alok/AHSR/install/rplidar_ros' for CMake config files
[1.596s] Level 1:colcon.colcon_core.shell:create_environment_hook('rplidar_ros', 'cmake_prefix_path')
[1.596s] INFO:colcon.colcon_core.shell:Creating environment hook '/home/alok/AHSR/install/rplidar_ros/share/rplidar_ros/hook/cmake_prefix_path.ps1'
[1.597s] INFO:colcon.colcon_core.shell:Creating environment descriptor '/home/alok/AHSR/install/rplidar_ros/share/rplidar_ros/hook/cmake_prefix_path.dsv'
[1.597s] INFO:colcon.colcon_core.shell:Creating environment hook '/home/alok/AHSR/install/rplidar_ros/share/rplidar_ros/hook/cmake_prefix_path.sh'
[1.598s] Level 1:colcon.colcon_core.environment:checking '/home/alok/AHSR/install/rplidar_ros/lib'
[1.598s] Level 1:colcon.colcon_core.environment:checking '/home/alok/AHSR/install/rplidar_ros/bin'
[1.599s] Level 1:colcon.colcon_core.environment:checking '/home/alok/AHSR/install/rplidar_ros/lib/pkgconfig/rplidar_ros.pc'
[1.599s] Level 1:colcon.colcon_core.environment:checking '/home/alok/AHSR/install/rplidar_ros/lib/python3.12/site-packages'
[1.599s] Level 1:colcon.colcon_core.environment:checking '/home/alok/AHSR/install/rplidar_ros/bin'
[1.600s] INFO:colcon.colcon_core.shell:Creating package script '/home/alok/AHSR/install/rplidar_ros/share/rplidar_ros/package.ps1'
[1.600s] INFO:colcon.colcon_core.shell:Creating package descriptor '/home/alok/AHSR/install/rplidar_ros/share/rplidar_ros/package.dsv'
[1.601s] INFO:colcon.colcon_core.shell:Creating package script '/home/alok/AHSR/install/rplidar_ros/share/rplidar_ros/package.sh'
[1.602s] INFO:colcon.colcon_core.shell:Creating package script '/home/alok/AHSR/install/rplidar_ros/share/rplidar_ros/package.bash'
[1.602s] INFO:colcon.colcon_core.shell:Creating package script '/home/alok/AHSR/install/rplidar_ros/share/rplidar_ros/package.zsh'
[1.603s] Level 1:colcon.colcon_core.environment:create_file_with_runtime_dependencies(/home/alok/AHSR/install/rplidar_ros/share/colcon-core/packages/rplidar_ros)
[1.702s] DEBUG:colcon.colcon_core.event_handler.log_command:Invoked command in '/home/alok/AHSR/build/wheel_odom_cpp' returned '0': CMAKE_PREFIX_PATH=${CMAKE_PREFIX_PATH}:/home/alok/AHSR/install/shopmate_bot_navigation:/home/alok/AHSR/install/shopmate_bot_description:/home/alok/AHSR/install/shopmate_bot_bringup:/opt/ros/jazzy DEBUGINFOD_URLS=https://debuginfod.ubuntu.com /usr/bin/cmake --build /home/alok/AHSR/build/wheel_odom_cpp -- -j16 -l16
[1.704s] DEBUG:colcon.colcon_core.event_handler.log_command:Invoking command in '/home/alok/AHSR/build/wheel_odom_cpp': CMAKE_PREFIX_PATH=${CMAKE_PREFIX_PATH}:/home/alok/AHSR/install/shopmate_bot_navigation:/home/alok/AHSR/install/shopmate_bot_description:/home/alok/AHSR/install/shopmate_bot_bringup:/opt/ros/jazzy DEBUGINFOD_URLS=https://debuginfod.ubuntu.com /usr/bin/cmake --install /home/alok/AHSR/build/wheel_odom_cpp
[1.724s] Level 1:colcon.colcon_core.environment:create_environment_scripts_only(wheel_odom_cpp)
[1.724s] Level 1:colcon.colcon_core.environment:checking '/home/alok/AHSR/install/wheel_odom_cpp' for CMake module files
[1.725s] DEBUG:colcon.colcon_core.event_handler.log_command:Invoked command in '/home/alok/AHSR/build/wheel_odom_cpp' returned '0': CMAKE_PREFIX_PATH=${CMAKE_PREFIX_PATH}:/home/alok/AHSR/install/shopmate_bot_navigation:/home/alok/AHSR/install/shopmate_bot_description:/home/alok/AHSR/install/shopmate_bot_bringup:/opt/ros/jazzy DEBUGINFOD_URLS=https://debuginfod.ubuntu.com /usr/bin/cmake --install /home/alok/AHSR/build/wheel_odom_cpp
[1.725s] Level 1:colcon.colcon_core.environment:checking '/home/alok/AHSR/install/wheel_odom_cpp' for CMake config files
[1.726s] Level 1:colcon.colcon_core.shell:create_environment_hook('wheel_odom_cpp', 'cmake_prefix_path')
[1.726s] INFO:colcon.colcon_core.shell:Creating environment hook '/home/alok/AHSR/install/wheel_odom_cpp/share/wheel_odom_cpp/hook/cmake_prefix_path.ps1'
[1.727s] INFO:colcon.colcon_core.shell:Creating environment descriptor '/home/alok/AHSR/install/wheel_odom_cpp/share/wheel_odom_cpp/hook/cmake_prefix_path.dsv'
[1.727s] INFO:colcon.colcon_core.shell:Creating environment hook '/home/alok/AHSR/install/wheel_odom_cpp/share/wheel_odom_cpp/hook/cmake_prefix_path.sh'
[1.729s] Level 1:colcon.colcon_core.environment:checking '/home/alok/AHSR/install/wheel_odom_cpp/lib'
[1.729s] Level 1:colcon.colcon_core.environment:checking '/home/alok/AHSR/install/wheel_odom_cpp/bin'
[1.729s] Level 1:colcon.colcon_core.environment:checking '/home/alok/AHSR/install/wheel_odom_cpp/lib/pkgconfig/wheel_odom_cpp.pc'
[1.729s] Level 1:colcon.colcon_core.environment:checking '/home/alok/AHSR/install/wheel_odom_cpp/lib/python3.12/site-packages'
[1.730s] Level 1:colcon.colcon_core.environment:checking '/home/alok/AHSR/install/wheel_odom_cpp/bin'
[1.730s] INFO:colcon.colcon_core.shell:Creating package script '/home/alok/AHSR/install/wheel_odom_cpp/share/wheel_odom_cpp/package.ps1'
[1.731s] INFO:colcon.colcon_core.shell:Creating package descriptor '/home/alok/AHSR/install/wheel_odom_cpp/share/wheel_odom_cpp/package.dsv'
[1.732s] INFO:colcon.colcon_core.shell:Creating package script '/home/alok/AHSR/install/wheel_odom_cpp/share/wheel_odom_cpp/package.sh'
[1.733s] INFO:colcon.colcon_core.shell:Creating package script '/home/alok/AHSR/install/wheel_odom_cpp/share/wheel_odom_cpp/package.bash'
[1.733s] INFO:colcon.colcon_core.shell:Creating package script '/home/alok/AHSR/install/wheel_odom_cpp/share/wheel_odom_cpp/package.zsh'
[1.734s] Level 1:colcon.colcon_core.environment:create_file_with_runtime_dependencies(/home/alok/AHSR/install/wheel_odom_cpp/share/colcon-core/packages/wheel_odom_cpp)
[1.734s] Level 1:colcon.colcon_core.environment:create_environment_scripts_only(wheel_odom_cpp)
[1.735s] Level 1:colcon.colcon_core.environment:checking '/home/alok/AHSR/install/wheel_odom_cpp' for CMake module files
[1.735s] Level 1:colcon.colcon_core.environment:checking '/home/alok/AHSR/install/wheel_odom_cpp' for CMake config files
[1.736s] Level 1:colcon.colcon_core.shell:create_environment_hook('wheel_odom_cpp', 'cmake_prefix_path')
[1.736s] INFO:colcon.colcon_core.shell:Creating environment hook '/home/alok/AHSR/install/wheel_odom_cpp/share/wheel_odom_cpp/hook/cmake_prefix_path.ps1'
[1.736s] INFO:colcon.colcon_core.shell:Creating environment descriptor '/home/alok/AHSR/install/wheel_odom_cpp/share/wheel_odom_cpp/hook/cmake_prefix_path.dsv'
[1.737s] INFO:colcon.colcon_core.shell:Creating environment hook '/home/alok/AHSR/install/wheel_odom_cpp/share/wheel_odom_cpp/hook/cmake_prefix_path.sh'
[1.738s] Level 1:colcon.colcon_core.environment:checking '/home/alok/AHSR/install/wheel_odom_cpp/lib'
[1.738s] Level 1:colcon.colcon_core.environment:checking '/home/alok/AHSR/install/wheel_odom_cpp/bin'
[1.738s] Level 1:colcon.colcon_core.environment:checking '/home/alok/AHSR/install/wheel_odom_cpp/lib/pkgconfig/wheel_odom_cpp.pc'
[1.738s] Level 1:colcon.colcon_core.environment:checking '/home/alok/AHSR/install/wheel_odom_cpp/lib/python3.12/site-packages'
[1.739s] Level 1:colcon.colcon_core.environment:checking '/home/alok/AHSR/install/wheel_odom_cpp/bin'
[1.739s] INFO:colcon.colcon_core.shell:Creating package script '/home/alok/AHSR/install/wheel_odom_cpp/share/wheel_odom_cpp/package.ps1'
[1.740s] INFO:colcon.colcon_core.shell:Creating package descriptor '/home/alok/AHSR/install/wheel_odom_cpp/share/wheel_odom_cpp/package.dsv'
[1.740s] INFO:colcon.colcon_core.shell:Creating package script '/home/alok/AHSR/install/wheel_odom_cpp/share/wheel_odom_cpp/package.sh'
[1.741s] INFO:colcon.colcon_core.shell:Creating package script '/home/alok/AHSR/install/wheel_odom_cpp/share/wheel_odom_cpp/package.bash'
[1.742s] INFO:colcon.colcon_core.shell:Creating package script '/home/alok/AHSR/install/wheel_odom_cpp/share/wheel_odom_cpp/package.zsh'
[1.743s] Level 1:colcon.colcon_core.environment:create_file_with_runtime_dependencies(/home/alok/AHSR/install/wheel_odom_cpp/share/colcon-core/packages/wheel_odom_cpp)
[2.570s] DEBUG:colcon.colcon_core.event_handler.log_command:Invoking command in '/home/alok/AHSR/shopmate_bot/shopmate_bot_navigation': DEBUGINFOD_URLS=https://debuginfod.ubuntu.com PYTHONPATH=/home/alok/AHSR/build/shopmate_bot_navigation/prefix_override:/usr/lib/python3/dist-packages/colcon_core/task/python/colcon_distutils_commands:/home/alok/AHSR/install/shopmate_bot_navigation/lib/python3.12/site-packages:${PYTHONPATH} /usr/bin/python3 -W ignore:setup.py install is deprecated -W ignore:easy_install command is deprecated setup.py egg_info --egg-base ../../build/shopmate_bot_navigation build --build-base /home/alok/AHSR/build/shopmate_bot_navigation/build install --record /home/alok/AHSR/build/shopmate_bot_navigation/install.log --single-version-externally-managed install_data
[2.597s] DEBUG:colcon.colcon_core.event_handler.log_command:Invoking command in '/home/alok/AHSR/shopmate_bot_bringup': DEBUGINFOD_URLS=https://debuginfod.ubuntu.com PYTHONPATH=/home/alok/AHSR/build/shopmate_bot_bringup/prefix_override:/usr/lib/python3/dist-packages/colcon_core/task/python/colcon_distutils_commands:/home/alok/AHSR/install/shopmate_bot_bringup/lib/python3.12/site-packages:${PYTHONPATH} /usr/bin/python3 -W ignore:setup.py install is deprecated -W ignore:easy_install command is deprecated setup.py egg_info --egg-base ../build/shopmate_bot_bringup build --build-base /home/alok/AHSR/build/shopmate_bot_bringup/build install --record /home/alok/AHSR/build/shopmate_bot_bringup/install.log --single-version-externally-managed install_data
[2.600s] DEBUG:colcon.colcon_core.event_handler.log_command:Invoking command in '/home/alok/AHSR/shopmate_bot/shopmate_bot_description': DEBUGINFOD_URLS=https://debuginfod.ubuntu.com PYTHONPATH=/home/alok/AHSR/build/shopmate_bot_description/prefix_override:/usr/lib/python3/dist-packages/colcon_core/task/python/colcon_distutils_commands:/home/alok/AHSR/install/shopmate_bot_description/lib/python3.12/site-packages:${PYTHONPATH} /usr/bin/python3 -W ignore:setup.py install is deprecated -W ignore:easy_install command is deprecated setup.py egg_info --egg-base ../../build/shopmate_bot_description build --build-base /home/alok/AHSR/build/shopmate_bot_description/build install --record /home/alok/AHSR/build/shopmate_bot_description/install.log --single-version-externally-managed install_data
[3.477s] Level 1:colcon.colcon_core.environment:checking '/home/alok/AHSR/install/shopmate_bot_navigation' for CMake module files
[3.478s] DEBUG:colcon.colcon_core.event_handler.log_command:Invoked command in '/home/alok/AHSR/shopmate_bot/shopmate_bot_navigation' returned '0': DEBUGINFOD_URLS=https://debuginfod.ubuntu.com PYTHONPATH=/home/alok/AHSR/build/shopmate_bot_navigation/prefix_override:/usr/lib/python3/dist-packages/colcon_core/task/python/colcon_distutils_commands:/home/alok/AHSR/install/shopmate_bot_navigation/lib/python3.12/site-packages:${PYTHONPATH} /usr/bin/python3 -W ignore:setup.py install is deprecated -W ignore:easy_install command is deprecated setup.py egg_info --egg-base ../../build/shopmate_bot_navigation build --build-base /home/alok/AHSR/build/shopmate_bot_navigation/build install --record /home/alok/AHSR/build/shopmate_bot_navigation/install.log --single-version-externally-managed install_data
[3.479s] Level 1:colcon.colcon_core.environment:checking '/home/alok/AHSR/install/shopmate_bot_navigation' for CMake config files
[3.480s] Level 1:colcon.colcon_core.environment:checking '/home/alok/AHSR/install/shopmate_bot_navigation/lib'
[3.480s] Level 1:colcon.colcon_core.environment:checking '/home/alok/AHSR/install/shopmate_bot_navigation/bin'
[3.480s] Level 1:colcon.colcon_core.environment:checking '/home/alok/AHSR/install/shopmate_bot_navigation/lib/pkgconfig/shopmate_bot_navigation.pc'
[3.480s] Level 1:colcon.colcon_core.environment:checking '/home/alok/AHSR/install/shopmate_bot_navigation/lib/python3.12/site-packages'
[3.480s] Level 1:colcon.colcon_core.shell:create_environment_hook('shopmate_bot_navigation', 'pythonpath')
[3.481s] INFO:colcon.colcon_core.shell:Creating environment hook '/home/alok/AHSR/install/shopmate_bot_navigation/share/shopmate_bot_navigation/hook/pythonpath.ps1'
[3.481s] INFO:colcon.colcon_core.shell:Creating environment descriptor '/home/alok/AHSR/install/shopmate_bot_navigation/share/shopmate_bot_navigation/hook/pythonpath.dsv'
[3.482s] INFO:colcon.colcon_core.shell:Creating environment hook '/home/alok/AHSR/install/shopmate_bot_navigation/share/shopmate_bot_navigation/hook/pythonpath.sh'
[3.483s] Level 1:colcon.colcon_core.environment:checking '/home/alok/AHSR/install/shopmate_bot_navigation/bin'
[3.483s] Level 1:colcon.colcon_core.environment:create_environment_scripts_only(shopmate_bot_navigation)
[3.483s] INFO:colcon.colcon_core.shell:Creating package script '/home/alok/AHSR/install/shopmate_bot_navigation/share/shopmate_bot_navigation/package.ps1'
[3.484s] INFO:colcon.colcon_core.shell:Creating package descriptor '/home/alok/AHSR/install/shopmate_bot_navigation/share/shopmate_bot_navigation/package.dsv'
[3.485s] INFO:colcon.colcon_core.shell:Creating package script '/home/alok/AHSR/install/shopmate_bot_navigation/share/shopmate_bot_navigation/package.sh'
[3.486s] INFO:colcon.colcon_core.shell:Creating package script '/home/alok/AHSR/install/shopmate_bot_navigation/share/shopmate_bot_navigation/package.bash'
[3.486s] INFO:colcon.colcon_core.shell:Creating package script '/home/alok/AHSR/install/shopmate_bot_navigation/share/shopmate_bot_navigation/package.zsh'
[3.487s] Level 1:colcon.colcon_core.environment:create_file_with_runtime_dependencies(/home/alok/AHSR/install/shopmate_bot_navigation/share/colcon-core/packages/shopmate_bot_navigation)
[3.489s] Level 1:colcon.colcon_core.environment:checking '/home/alok/AHSR/install/shopmate_bot_bringup' for CMake module files
[3.490s] DEBUG:colcon.colcon_core.event_handler.log_command:Invoked command in '/home/alok/AHSR/shopmate_bot_bringup' returned '0': DEBUGINFOD_URLS=https://debuginfod.ubuntu.com PYTHONPATH=/home/alok/AHSR/build/shopmate_bot_bringup/prefix_override:/usr/lib/python3/dist-packages/colcon_core/task/python/colcon_distutils_commands:/home/alok/AHSR/install/shopmate_bot_bringup/lib/python3.12/site-packages:${PYTHONPATH} /usr/bin/python3 -W ignore:setup.py install is deprecated -W ignore:easy_install command is deprecated setup.py egg_info --egg-base ../build/shopmate_bot_bringup build --build-base /home/alok/AHSR/build/shopmate_bot_bringup/build install --record /home/alok/AHSR/build/shopmate_bot_bringup/install.log --single-version-externally-managed install_data
[3.490s] Level 1:colcon.colcon_core.environment:checking '/home/alok/AHSR/install/shopmate_bot_bringup' for CMake config files
[3.491s] Level 1:colcon.colcon_core.environment:checking '/home/alok/AHSR/install/shopmate_bot_bringup/lib'
[3.492s] Level 1:colcon.colcon_core.environment:checking '/home/alok/AHSR/install/shopmate_bot_bringup/bin'
[3.492s] Level 1:colcon.colcon_core.environment:checking '/home/alok/AHSR/install/shopmate_bot_bringup/lib/pkgconfig/shopmate_bot_bringup.pc'
[3.492s] Level 1:colcon.colcon_core.environment:checking '/home/alok/AHSR/install/shopmate_bot_bringup/lib/python3.12/site-packages'
[3.492s] Level 1:colcon.colcon_core.shell:create_environment_hook('shopmate_bot_bringup', 'pythonpath')
[3.493s] INFO:colcon.colcon_core.shell:Creating environment hook '/home/alok/AHSR/install/shopmate_bot_bringup/share/shopmate_bot_bringup/hook/pythonpath.ps1'
[3.493s] INFO:colcon.colcon_core.shell:Creating environment descriptor '/home/alok/AHSR/install/shopmate_bot_bringup/share/shopmate_bot_bringup/hook/pythonpath.dsv'
[3.494s] INFO:colcon.colcon_core.shell:Creating environment hook '/home/alok/AHSR/install/shopmate_bot_bringup/share/shopmate_bot_bringup/hook/pythonpath.sh'
[3.495s] Level 1:colcon.colcon_core.environment:checking '/home/alok/AHSR/install/shopmate_bot_bringup/bin'
[3.495s] Level 1:colcon.colcon_core.environment:create_environment_scripts_only(shopmate_bot_bringup)
[3.495s] INFO:colcon.colcon_core.shell:Creating package script '/home/alok/AHSR/install/shopmate_bot_bringup/share/shopmate_bot_bringup/package.ps1'
[3.496s] INFO:colcon.colcon_core.shell:Creating package descriptor '/home/alok/AHSR/install/shopmate_bot_bringup/share/shopmate_bot_bringup/package.dsv'
[3.497s] INFO:colcon.colcon_core.shell:Creating package script '/home/alok/AHSR/install/shopmate_bot_bringup/share/shopmate_bot_bringup/package.sh'
[3.497s] INFO:colcon.colcon_core.shell:Creating package script '/home/alok/AHSR/install/shopmate_bot_bringup/share/shopmate_bot_bringup/package.bash'
[3.498s] INFO:colcon.colcon_core.shell:Creating package script '/home/alok/AHSR/install/shopmate_bot_bringup/share/shopmate_bot_bringup/package.zsh'
[3.499s] Level 1:colcon.colcon_core.environment:create_file_with_runtime_dependencies(/home/alok/AHSR/install/shopmate_bot_bringup/share/colcon-core/packages/shopmate_bot_bringup)
[3.504s] Level 1:colcon.colcon_core.environment:checking '/home/alok/AHSR/install/shopmate_bot_description' for CMake module files
[3.505s] DEBUG:colcon.colcon_core.event_handler.log_command:Invoked command in '/home/alok/AHSR/shopmate_bot/shopmate_bot_description' returned '0': DEBUGINFOD_URLS=https://debuginfod.ubuntu.com PYTHONPATH=/home/alok/AHSR/build/shopmate_bot_description/prefix_override:/usr/lib/python3/dist-packages/colcon_core/task/python/colcon_distutils_commands:/home/alok/AHSR/install/shopmate_bot_description/lib/python3.12/site-packages:${PYTHONPATH} /usr/bin/python3 -W ignore:setup.py install is deprecated -W ignore:easy_install command is deprecated setup.py egg_info --egg-base ../../build/shopmate_bot_description build --build-base /home/alok/AHSR/build/shopmate_bot_description/build install --record /home/alok/AHSR/build/shopmate_bot_description/install.log --single-version-externally-managed install_data
[3.505s] Level 1:colcon.colcon_core.environment:checking '/home/alok/AHSR/install/shopmate_bot_description' for CMake config files
[3.506s] Level 1:colcon.colcon_core.environment:checking '/home/alok/AHSR/install/shopmate_bot_description/lib'
[3.506s] Level 1:colcon.colcon_core.environment:checking '/home/alok/AHSR/install/shopmate_bot_description/bin'
[3.507s] Level 1:colcon.colcon_core.environment:checking '/home/alok/AHSR/install/shopmate_bot_description/lib/pkgconfig/shopmate_bot_description.pc'
[3.507s] Level 1:colcon.colcon_core.environment:checking '/home/alok/AHSR/install/shopmate_bot_description/lib/python3.12/site-packages'
[3.507s] Level 1:colcon.colcon_core.shell:create_environment_hook('shopmate_bot_description', 'pythonpath')
[3.507s] INFO:colcon.colcon_core.shell:Creating environment hook '/home/alok/AHSR/install/shopmate_bot_description/share/shopmate_bot_description/hook/pythonpath.ps1'
[3.508s] INFO:colcon.colcon_core.shell:Creating environment descriptor '/home/alok/AHSR/install/shopmate_bot_description/share/shopmate_bot_description/hook/pythonpath.dsv'
[3.508s] INFO:colcon.colcon_core.shell:Creating environment hook '/home/alok/AHSR/install/shopmate_bot_description/share/shopmate_bot_description/hook/pythonpath.sh'
[3.510s] Level 1:colcon.colcon_core.environment:checking '/home/alok/AHSR/install/shopmate_bot_description/bin'
[3.510s] Level 1:colcon.colcon_core.environment:create_environment_scripts_only(shopmate_bot_description)
[3.510s] INFO:colcon.colcon_core.shell:Creating package script '/home/alok/AHSR/install/shopmate_bot_description/share/shopmate_bot_description/package.ps1'
[3.511s] INFO:colcon.colcon_core.shell:Creating package descriptor '/home/alok/AHSR/install/shopmate_bot_description/share/shopmate_bot_description/package.dsv'
[3.511s] INFO:colcon.colcon_core.shell:Creating package script '/home/alok/AHSR/install/shopmate_bot_description/share/shopmate_bot_description/package.sh'
[3.512s] INFO:colcon.colcon_core.shell:Creating package script '/home/alok/AHSR/install/shopmate_bot_description/share/shopmate_bot_description/package.bash'
[3.513s] INFO:colcon.colcon_core.shell:Creating package script '/home/alok/AHSR/install/shopmate_bot_description/share/shopmate_bot_description/package.zsh'
[3.513s] Level 1:colcon.colcon_core.environment:create_file_with_runtime_dependencies(/home/alok/AHSR/install/shopmate_bot_description/share/colcon-core/packages/shopmate_bot_description)
[3.514s] DEBUG:colcon.colcon_parallel_executor.executor.parallel:closing loop
[3.514s] DEBUG:colcon.colcon_parallel_executor.executor.parallel:loop closed
[3.514s] DEBUG:colcon.colcon_parallel_executor.executor.parallel:run_until_complete finished with '0'
[3.514s] DEBUG:colcon.colcon_core.event_reactor:joining thread
[3.523s] INFO:colcon.colcon_core.plugin_system:Skipping extension 'colcon_notification.desktop_notification.terminal_notifier': Not used on non-Darwin systems
[3.523s] INFO:colcon.colcon_core.plugin_system:Skipping extension 'colcon_notification.desktop_notification.win32': Not used on non-Windows systems
[3.523s] INFO:colcon.colcon_notification.desktop_notification:Sending desktop notification using 'notify2'
[3.550s] DEBUG:colcon.colcon_core.event_reactor:joined thread
[3.551s] INFO:colcon.colcon_core.shell:Creating prefix script '/home/alok/AHSR/install/local_setup.ps1'
[3.552s] INFO:colcon.colcon_core.shell:Creating prefix util module '/home/alok/AHSR/install/_local_setup_util_ps1.py'
[3.554s] INFO:colcon.colcon_core.shell:Creating prefix chain script '/home/alok/AHSR/install/setup.ps1'
[3.556s] INFO:colcon.colcon_core.shell:Creating prefix script '/home/alok/AHSR/install/local_setup.sh'
[3.557s] INFO:colcon.colcon_core.shell:Creating prefix util module '/home/alok/AHSR/install/_local_setup_util_sh.py'
[3.558s] INFO:colcon.colcon_core.shell:Creating prefix chain script '/home/alok/AHSR/install/setup.sh'
[3.559s] INFO:colcon.colcon_core.shell:Creating prefix script '/home/alok/AHSR/install/local_setup.bash'
[3.560s] INFO:colcon.colcon_core.shell:Creating prefix chain script '/home/alok/AHSR/install/setup.bash'
[3.562s] INFO:colcon.colcon_core.shell:Creating prefix script '/home/alok/AHSR/install/local_setup.zsh'
[3.562s] INFO:colcon.colcon_core.shell:Creating prefix chain script '/home/alok/AHSR/install/setup.zsh'
